2023-11-19 17:56:30.961 +08:00 [INF] User profile is available. Using '/Users/shiyangyang/.aspnet/DataProtection-Keys' as key repository; keys will not be encrypted at rest.
2023-11-19 17:56:31.000 +08:00 [INF] Now listening on: http://localhost:5156
2023-11-19 17:56:31.001 +08:00 [INF] Application started. Press Ctrl+C to shut down.
2023-11-19 17:56:31.002 +08:00 [INF] Hosting environment: Development
2023-11-19 17:56:31.002 +08:00 [INF] Content root path: /Users/shiyangyang/RiderProjects/Noodles.LnEn/Listening.Main.WebAPI
2023-11-19 17:56:31.059 +08:00 [INF] Request starting HTTP/1.1 GET http://localhost:5156/swagger - -
2023-11-19 17:56:31.078 +08:00 [INF] Request finished HTTP/1.1 GET http://localhost:5156/swagger - - - 301 0 - 19.9734ms
2023-11-19 17:56:31.080 +08:00 [INF] Request starting HTTP/1.1 GET http://localhost:5156/swagger/index.html - -
2023-11-19 17:56:31.109 +08:00 [INF] Request finished HTTP/1.1 GET http://localhost:5156/swagger/index.html - - - 200 - text/html;charset=utf-8 28.9414ms
2023-11-19 17:56:31.116 +08:00 [INF] Request starting HTTP/1.1 GET http://localhost:5156/swagger/swagger-ui.css - -
2023-11-19 17:56:31.116 +08:00 [INF] Request starting HTTP/1.1 GET http://localhost:5156/swagger/swagger-ui-bundle.js - -
2023-11-19 17:56:31.116 +08:00 [INF] Request starting HTTP/1.1 GET http://localhost:5156/swagger/swagger-ui-standalone-preset.js - -
2023-11-19 17:56:31.233 +08:00 [INF] Sending file. Request path: '/swagger-ui.css'. Physical path: 'N/A'
2023-11-19 17:56:31.233 +08:00 [INF] Sending file. Request path: '/swagger-ui-bundle.js'. Physical path: 'N/A'
2023-11-19 17:56:31.233 +08:00 [INF] Sending file. Request path: '/swagger-ui-standalone-preset.js'. Physical path: 'N/A'
2023-11-19 17:56:31.233 +08:00 [INF] Request finished HTTP/1.1 GET http://localhost:5156/swagger/swagger-ui-standalone-preset.js - - - 200 312163 text/javascript 117.2317ms
2023-11-19 17:56:31.233 +08:00 [INF] Request finished HTTP/1.1 GET http://localhost:5156/swagger/swagger-ui-bundle.js - - - 200 1061536 text/javascript 117.4762ms
2023-11-19 17:56:31.233 +08:00 [INF] Request finished HTTP/1.1 GET http://localhost:5156/swagger/swagger-ui.css - - - 200 144929 text/css 117.6654ms
2023-11-19 17:56:31.309 +08:00 [INF] Request starting HTTP/1.1 GET http://localhost:5156/swagger/v1/swagger.json - -
2023-11-19 17:56:31.316 +08:00 [INF] Request starting HTTP/1.1 GET http://localhost:5156/swagger/favicon-32x32.png - -
2023-11-19 17:56:31.316 +08:00 [INF] Sending file. Request path: '/favicon-32x32.png'. Physical path: 'N/A'
2023-11-19 17:56:31.316 +08:00 [INF] Request finished HTTP/1.1 GET http://localhost:5156/swagger/favicon-32x32.png - - - 200 628 image/png 0.3482ms
2023-11-19 17:56:31.345 +08:00 [INF] Request finished HTTP/1.1 GET http://localhost:5156/swagger/v1/swagger.json - - - 200 - application/json;charset=utf-8 35.5557ms
2023-11-21 21:27:38.294 +08:00 [INF] User profile is available. Using '/Users/shiyangyang/.aspnet/DataProtection-Keys' as key repository; keys will not be encrypted at rest.
2023-11-21 21:27:38.327 +08:00 [INF] Now listening on: http://localhost:5156
2023-11-21 21:27:38.329 +08:00 [INF] Application started. Press Ctrl+C to shut down.
2023-11-21 21:27:38.330 +08:00 [INF] Hosting environment: Development
2023-11-21 21:27:38.330 +08:00 [INF] Content root path: /Users/shiyangyang/RiderProjects/Noodles.LnEn/Listening.Main.WebAPI
2023-11-21 21:27:38.378 +08:00 [INF] Request starting HTTP/1.1 GET http://localhost:5156/swagger/index.html - -
2023-11-21 21:27:38.428 +08:00 [INF] Request finished HTTP/1.1 GET http://localhost:5156/swagger/index.html - - - 200 - text/html;charset=utf-8 50.5950ms
2023-11-21 21:27:38.542 +08:00 [INF] Request starting HTTP/1.1 GET http://localhost:5156/swagger/v1/swagger.json - -
2023-11-21 21:27:38.581 +08:00 [INF] Request finished HTTP/1.1 GET http://localhost:5156/swagger/v1/swagger.json - - - 200 - application/json;charset=utf-8 38.3205ms
2023-11-23 21:50:54.245 +08:00 [INF] User profile is available. Using '/Users/shiyangyang/.aspnet/DataProtection-Keys' as key repository; keys will not be encrypted at rest.
2023-11-23 21:50:54.278 +08:00 [INF] Now listening on: http://localhost:5156
2023-11-23 21:50:54.279 +08:00 [INF] Application started. Press Ctrl+C to shut down.
2023-11-23 21:50:54.280 +08:00 [INF] Hosting environment: Development
2023-11-23 21:50:54.281 +08:00 [INF] Content root path: /Users/shiyangyang/RiderProjects/Noodles.LnEn/Listening.Main.WebAPI
2023-11-23 21:50:54.358 +08:00 [INF] Request starting HTTP/1.1 GET http://localhost:5156/swagger - -
2023-11-23 21:50:54.378 +08:00 [INF] Request finished HTTP/1.1 GET http://localhost:5156/swagger - - - 301 0 - 20.2938ms
2023-11-23 21:50:54.380 +08:00 [INF] Request starting HTTP/1.1 GET http://localhost:5156/swagger/index.html - -
2023-11-23 21:50:54.410 +08:00 [INF] Request finished HTTP/1.1 GET http://localhost:5156/swagger/index.html - - - 200 - text/html;charset=utf-8 29.5742ms
2023-11-23 21:50:54.415 +08:00 [INF] Request starting HTTP/1.1 GET http://localhost:5156/swagger/swagger-ui.css - -
2023-11-23 21:50:54.416 +08:00 [INF] Request starting HTTP/1.1 GET http://localhost:5156/swagger/swagger-ui-bundle.js - -
2023-11-23 21:50:54.416 +08:00 [INF] Request starting HTTP/1.1 GET http://localhost:5156/swagger/swagger-ui-standalone-preset.js - -
2023-11-23 21:50:54.716 +08:00 [INF] Sending file. Request path: '/swagger-ui.css'. Physical path: 'N/A'
2023-11-23 21:50:54.716 +08:00 [INF] Sending file. Request path: '/swagger-ui-standalone-preset.js'. Physical path: 'N/A'
2023-11-23 21:50:54.717 +08:00 [INF] Sending file. Request path: '/swagger-ui-bundle.js'. Physical path: 'N/A'
2023-11-23 21:50:54.717 +08:00 [INF] Request finished HTTP/1.1 GET http://localhost:5156/swagger/swagger-ui.css - - - 200 144929 text/css 302.3572ms
2023-11-23 21:50:54.717 +08:00 [INF] Request finished HTTP/1.1 GET http://localhost:5156/swagger/swagger-ui-bundle.js - - - 200 1061536 text/javascript 301.8887ms
2023-11-23 21:50:54.717 +08:00 [INF] Request finished HTTP/1.1 GET http://localhost:5156/swagger/swagger-ui-standalone-preset.js - - - 200 312163 text/javascript 301.0797ms
2023-11-23 21:50:54.791 +08:00 [INF] Request starting HTTP/1.1 GET http://localhost:5156/swagger/v1/swagger.json - -
2023-11-23 21:50:54.800 +08:00 [INF] Request starting HTTP/1.1 GET http://localhost:5156/swagger/favicon-32x32.png - -
2023-11-23 21:50:54.800 +08:00 [INF] Sending file. Request path: '/favicon-32x32.png'. Physical path: 'N/A'
2023-11-23 21:50:54.801 +08:00 [INF] Request finished HTTP/1.1 GET http://localhost:5156/swagger/favicon-32x32.png - - - 200 628 image/png 0.3679ms
2023-11-23 21:50:54.827 +08:00 [INF] Request finished HTTP/1.1 GET http://localhost:5156/swagger/v1/swagger.json - - - 200 - application/json;charset=utf-8 35.4319ms
2023-11-25 15:05:12.926 +08:00 [INF] User profile is available. Using '/Users/shiyangyang/.aspnet/DataProtection-Keys' as key repository; keys will not be encrypted at rest.
2023-11-25 15:05:12.960 +08:00 [INF] Now listening on: http://localhost:5156
2023-11-25 15:05:12.961 +08:00 [INF] Application started. Press Ctrl+C to shut down.
2023-11-25 15:05:12.962 +08:00 [INF] Hosting environment: Development
2023-11-25 15:05:12.963 +08:00 [INF] Content root path: /Users/shiyangyang/RiderProjects/Noodles.LnEn/Listening.Main.WebAPI
2023-11-25 15:05:13.039 +08:00 [INF] Request starting HTTP/1.1 GET http://localhost:5156/swagger/index.html - -
2023-11-25 15:05:13.094 +08:00 [INF] Request finished HTTP/1.1 GET http://localhost:5156/swagger/index.html - - - 200 - text/html;charset=utf-8 55.8472ms
2023-11-25 15:05:13.103 +08:00 [INF] Request starting HTTP/1.1 GET http://localhost:5156/swagger/swagger-ui-standalone-preset.js - -
2023-11-25 15:05:13.104 +08:00 [INF] Request starting HTTP/1.1 GET http://localhost:5156/swagger/swagger-ui-bundle.js - -
2023-11-25 15:05:13.475 +08:00 [INF] Sending file. Request path: '/swagger-ui-bundle.js'. Physical path: 'N/A'
2023-11-25 15:05:13.475 +08:00 [INF] Sending file. Request path: '/swagger-ui-standalone-preset.js'. Physical path: 'N/A'
2023-11-25 15:05:13.476 +08:00 [INF] Request finished HTTP/1.1 GET http://localhost:5156/swagger/swagger-ui-standalone-preset.js - - - 200 312163 text/javascript 372.8530ms
2023-11-25 15:05:13.476 +08:00 [INF] Request finished HTTP/1.1 GET http://localhost:5156/swagger/swagger-ui-bundle.js - - - 200 1061536 text/javascript 372.0772ms
2023-11-25 15:05:13.567 +08:00 [INF] Request starting HTTP/1.1 GET http://localhost:5156/swagger/v1/swagger.json - -
2023-11-25 15:05:13.607 +08:00 [INF] Request finished HTTP/1.1 GET http://localhost:5156/swagger/v1/swagger.json - - - 200 - application/json;charset=utf-8 39.6858ms
2023-11-25 21:50:50.427 +08:00 [INF] User profile is available. Using '/Users/shiyangyang/.aspnet/DataProtection-Keys' as key repository; keys will not be encrypted at rest.
2023-11-25 21:50:50.462 +08:00 [INF] Now listening on: http://localhost:5156
2023-11-25 21:50:50.464 +08:00 [INF] Application started. Press Ctrl+C to shut down.
2023-11-25 21:50:50.464 +08:00 [INF] Hosting environment: Development
2023-11-25 21:50:50.465 +08:00 [INF] Content root path: /Users/shiyangyang/RiderProjects/Noodles.LnEn/Listening.Main.WebAPI
2023-11-25 21:50:50.504 +08:00 [INF] Request starting HTTP/1.1 GET http://localhost:5156/swagger/index.html - -
2023-11-25 21:50:50.553 +08:00 [INF] Request finished HTTP/1.1 GET http://localhost:5156/swagger/index.html - - - 200 - text/html;charset=utf-8 49.2465ms
2023-11-25 21:50:50.658 +08:00 [INF] Request starting HTTP/1.1 GET http://localhost:5156/swagger/v1/swagger.json - -
2023-11-25 21:50:50.693 +08:00 [INF] Request finished HTTP/1.1 GET http://localhost:5156/swagger/v1/swagger.json - - - 200 - application/json;charset=utf-8 34.3684ms
2023-12-05 21:20:03.253 +08:00 [INF] User profile is available. Using '/Users/shiyangyang/.aspnet/DataProtection-Keys' as key repository; keys will not be encrypted at rest.
2023-12-05 21:20:03.287 +08:00 [INF] Now listening on: http://localhost:5156
2023-12-05 21:20:03.289 +08:00 [INF] Application started. Press Ctrl+C to shut down.
2023-12-05 21:20:03.290 +08:00 [INF] Hosting environment: Development
2023-12-05 21:20:03.290 +08:00 [INF] Content root path: /Users/shiyangyang/RiderProjects/Noodles.LnEn/Listening.Main.WebAPI
2023-12-05 21:20:03.421 +08:00 [INF] Request starting HTTP/1.1 GET http://localhost:5156/swagger - -
2023-12-05 21:20:03.441 +08:00 [INF] Request finished HTTP/1.1 GET http://localhost:5156/swagger - - - 301 0 - 20.2314ms
2023-12-05 21:20:03.443 +08:00 [INF] Request starting HTTP/1.1 GET http://localhost:5156/swagger/index.html - -
2023-12-05 21:20:03.473 +08:00 [INF] Request finished HTTP/1.1 GET http://localhost:5156/swagger/index.html - - - 200 - text/html;charset=utf-8 29.6296ms
2023-12-05 21:20:03.481 +08:00 [INF] Request starting HTTP/1.1 GET http://localhost:5156/swagger/swagger-ui-bundle.js - -
2023-12-05 21:20:03.481 +08:00 [INF] Request starting HTTP/1.1 GET http://localhost:5156/swagger/swagger-ui.css - -
2023-12-05 21:20:03.481 +08:00 [INF] Request starting HTTP/1.1 GET http://localhost:5156/swagger/swagger-ui-standalone-preset.js - -
2023-12-05 21:20:03.799 +08:00 [INF] Sending file. Request path: '/swagger-ui.css'. Physical path: 'N/A'
2023-12-05 21:20:03.799 +08:00 [INF] Sending file. Request path: '/swagger-ui-standalone-preset.js'. Physical path: 'N/A'
2023-12-05 21:20:03.803 +08:00 [INF] Sending file. Request path: '/swagger-ui-bundle.js'. Physical path: 'N/A'
2023-12-05 21:20:03.803 +08:00 [INF] Request finished HTTP/1.1 GET http://localhost:5156/swagger/swagger-ui-bundle.js - - - 200 1061536 text/javascript 322.3957ms
2023-12-05 21:20:03.803 +08:00 [INF] Request finished HTTP/1.1 GET http://localhost:5156/swagger/swagger-ui.css - - - 200 144929 text/css 322.3828ms
2023-12-05 21:20:03.803 +08:00 [INF] Request finished HTTP/1.1 GET http://localhost:5156/swagger/swagger-ui-standalone-preset.js - - - 200 312163 text/javascript 322.0430ms
2023-12-05 21:20:03.892 +08:00 [INF] Request starting HTTP/1.1 GET http://localhost:5156/swagger/v1/swagger.json - -
2023-12-05 21:20:03.900 +08:00 [INF] Request starting HTTP/1.1 GET http://localhost:5156/swagger/favicon-32x32.png - -
2023-12-05 21:20:03.900 +08:00 [INF] Sending file. Request path: '/favicon-32x32.png'. Physical path: 'N/A'
2023-12-05 21:20:03.900 +08:00 [INF] Request finished HTTP/1.1 GET http://localhost:5156/swagger/favicon-32x32.png - - - 200 628 image/png 0.4033ms
2023-12-05 21:20:03.929 +08:00 [INF] Request finished HTTP/1.1 GET http://localhost:5156/swagger/v1/swagger.json - - - 200 - application/json;charset=utf-8 36.8535ms
2023-12-07 19:46:52.346 +08:00 [INF] User profile is available. Using '/Users/shiyangyang/.aspnet/DataProtection-Keys' as key repository; keys will not be encrypted at rest.
2023-12-07 19:46:52.381 +08:00 [INF] Now listening on: http://localhost:5156
2023-12-07 19:46:52.383 +08:00 [INF] Application started. Press Ctrl+C to shut down.
2023-12-07 19:46:52.383 +08:00 [INF] Hosting environment: Development
2023-12-07 19:46:52.384 +08:00 [INF] Content root path: /Users/shiyangyang/RiderProjects/Noodles.LnEn/Listening.Main.WebAPI
2023-12-07 19:46:52.524 +08:00 [INF] Request starting HTTP/1.1 GET http://localhost:5156/swagger - -
2023-12-07 19:46:52.544 +08:00 [INF] Request finished HTTP/1.1 GET http://localhost:5156/swagger - - - 301 0 - 20.6085ms
2023-12-07 19:46:52.547 +08:00 [INF] Request starting HTTP/1.1 GET http://localhost:5156/swagger/index.html - -
2023-12-07 19:46:52.576 +08:00 [INF] Request finished HTTP/1.1 GET http://localhost:5156/swagger/index.html - - - 200 - text/html;charset=utf-8 29.7759ms
2023-12-07 19:46:52.581 +08:00 [INF] Request starting HTTP/1.1 GET http://localhost:5156/swagger/swagger-ui.css - -
2023-12-07 19:46:52.582 +08:00 [INF] Request starting HTTP/1.1 GET http://localhost:5156/swagger/swagger-ui-bundle.js - -
2023-12-07 19:46:52.582 +08:00 [INF] Request starting HTTP/1.1 GET http://localhost:5156/swagger/swagger-ui-standalone-preset.js - -
2023-12-07 19:46:52.804 +08:00 [INF] Sending file. Request path: '/swagger-ui.css'. Physical path: 'N/A'
2023-12-07 19:46:52.804 +08:00 [INF] Sending file. Request path: '/swagger-ui-standalone-preset.js'. Physical path: 'N/A'
2023-12-07 19:46:52.807 +08:00 [INF] Sending file. Request path: '/swagger-ui-bundle.js'. Physical path: 'N/A'
2023-12-07 19:46:52.808 +08:00 [INF] Request finished HTTP/1.1 GET http://localhost:5156/swagger/swagger-ui-bundle.js - - - 200 1061536 text/javascript 225.2957ms
2023-12-07 19:46:52.808 +08:00 [INF] Request finished HTTP/1.1 GET http://localhost:5156/swagger/swagger-ui-standalone-preset.js - - - 200 312163 text/javascript 224.9349ms
2023-12-07 19:46:52.808 +08:00 [INF] Request finished HTTP/1.1 GET http://localhost:5156/swagger/swagger-ui.css - - - 200 144929 text/css 225.9726ms
2023-12-07 19:46:52.894 +08:00 [INF] Request starting HTTP/1.1 GET http://localhost:5156/swagger/v1/swagger.json - -
2023-12-07 19:46:52.909 +08:00 [INF] Request starting HTTP/1.1 GET http://localhost:5156/swagger/favicon-32x32.png - -
2023-12-07 19:46:52.909 +08:00 [INF] Sending file. Request path: '/favicon-32x32.png'. Physical path: 'N/A'
2023-12-07 19:46:52.909 +08:00 [INF] Request finished HTTP/1.1 GET http://localhost:5156/swagger/favicon-32x32.png - - - 200 628 image/png 0.4926ms
2023-12-07 19:46:52.931 +08:00 [INF] Request finished HTTP/1.1 GET http://localhost:5156/swagger/v1/swagger.json - - - 200 - application/json;charset=utf-8 37.4535ms
2023-12-07 19:49:28.160 +08:00 [INF] Request starting HTTP/1.0 GET http://host.docker.internal:5156/Category/FindAll - -
2023-12-07 19:49:28.166 +08:00 [INF] CORS policy execution successful.
2023-12-07 19:49:28.183 +08:00 [INF] Executing endpoint 'Listening.Main.WebAPI.Controllers.CategoryController.FindAll (Listening.Main.WebAPI)'
2023-12-07 19:49:28.191 +08:00 [INF] Route matched with {action = "FindAll", controller = "Category"}. Executing controller action with signature System.Threading.Tasks.Task`1[Microsoft.AspNetCore.Mvc.ActionResult`1[Listening.Main.WebAPI.Controllers.Categories.ViewModels.CategoryVM[]]] FindAll() on controller Listening.Main.WebAPI.Controllers.CategoryController (Listening.Main.WebAPI).
2023-12-07 19:49:28.655 +08:00 [INF] Executed DbCommand (64ms) [Parameters=[], CommandType='"Text"', CommandTimeout='30']
SELECT [t].[Id], [t].[CoverUrl], [t].[CreationTime], [t].[DeletionTime], [t].[IsDeleted], [t].[LastModificationTime], [t].[SequenceNumber], [t].[Name_Chinese], [t].[Name_English]
FROM [T_Categories] AS [t]
WHERE [t].[IsDeleted] = CAST(0 AS bit)
ORDER BY [t].[SequenceNumber]
2023-12-07 19:49:28.695 +08:00 [INF] Executing ObjectResult, writing value of type 'Listening.Main.WebAPI.Controllers.Categories.ViewModels.CategoryVM[]'.
2023-12-07 19:49:28.701 +08:00 [INF] Executed action Listening.Main.WebAPI.Controllers.CategoryController.FindAll (Listening.Main.WebAPI) in 508.8476ms
2023-12-07 19:49:28.701 +08:00 [INF] Executed endpoint 'Listening.Main.WebAPI.Controllers.CategoryController.FindAll (Listening.Main.WebAPI)'
2023-12-07 19:49:28.703 +08:00 [INF] Request finished HTTP/1.0 GET http://host.docker.internal:5156/Category/FindAll - - - 200 - application/json;+charset=utf-8 543.2904ms
2023-12-07 19:49:28.709 +08:00 [INF] Request starting HTTP/1.0 GET http://host.docker.internal:5156/Category/FindAll - -
2023-12-07 19:49:28.710 +08:00 [INF] CORS policy execution successful.
2023-12-07 19:49:28.710 +08:00 [INF] Executing endpoint 'Listening.Main.WebAPI.Controllers.CategoryController.FindAll (Listening.Main.WebAPI)'
2023-12-07 19:49:28.710 +08:00 [INF] Route matched with {action = "FindAll", controller = "Category"}. Executing controller action with signature System.Threading.Tasks.Task`1[Microsoft.AspNetCore.Mvc.ActionResult`1[Listening.Main.WebAPI.Controllers.Categories.ViewModels.CategoryVM[]]] FindAll() on controller Listening.Main.WebAPI.Controllers.CategoryController (Listening.Main.WebAPI).
2023-12-07 19:49:28.711 +08:00 [INF] Executing ObjectResult, writing value of type 'Listening.Main.WebAPI.Controllers.Categories.ViewModels.CategoryVM[]'.
2023-12-07 19:49:28.711 +08:00 [INF] Executed action Listening.Main.WebAPI.Controllers.CategoryController.FindAll (Listening.Main.WebAPI) in 0.6174ms
2023-12-07 19:49:28.711 +08:00 [INF] Executed endpoint 'Listening.Main.WebAPI.Controllers.CategoryController.FindAll (Listening.Main.WebAPI)'
2023-12-07 19:49:28.711 +08:00 [INF] Request finished HTTP/1.0 GET http://host.docker.internal:5156/Category/FindAll - - - 200 - application/json;+charset=utf-8 1.6550ms
2023-12-07 20:24:49.010 +08:00 [INF] Request starting HTTP/1.0 GET http://host.docker.internal:5156/Category/FindAll - -
2023-12-07 20:24:49.011 +08:00 [INF] CORS policy execution successful.
2023-12-07 20:24:49.013 +08:00 [INF] Executing endpoint 'Listening.Main.WebAPI.Controllers.CategoryController.FindAll (Listening.Main.WebAPI)'
2023-12-07 20:24:49.013 +08:00 [INF] Route matched with {action = "FindAll", controller = "Category"}. Executing controller action with signature System.Threading.Tasks.Task`1[Microsoft.AspNetCore.Mvc.ActionResult`1[Listening.Main.WebAPI.Controllers.Categories.ViewModels.CategoryVM[]]] FindAll() on controller Listening.Main.WebAPI.Controllers.CategoryController (Listening.Main.WebAPI).
2023-12-07 20:24:49.033 +08:00 [INF] Executed DbCommand (8ms) [Parameters=[], CommandType='"Text"', CommandTimeout='30']
SELECT [t].[Id], [t].[CoverUrl], [t].[CreationTime], [t].[DeletionTime], [t].[IsDeleted], [t].[LastModificationTime], [t].[SequenceNumber], [t].[Name_Chinese], [t].[Name_English]
FROM [T_Categories] AS [t]
WHERE [t].[IsDeleted] = CAST(0 AS bit)
ORDER BY [t].[SequenceNumber]
2023-12-07 20:24:49.033 +08:00 [INF] Executing ObjectResult, writing value of type 'Listening.Main.WebAPI.Controllers.Categories.ViewModels.CategoryVM[]'.
2023-12-07 20:24:49.034 +08:00 [INF] Executed action Listening.Main.WebAPI.Controllers.CategoryController.FindAll (Listening.Main.WebAPI) in 20.4489ms
2023-12-07 20:24:49.034 +08:00 [INF] Executed endpoint 'Listening.Main.WebAPI.Controllers.CategoryController.FindAll (Listening.Main.WebAPI)'
2023-12-07 20:24:49.034 +08:00 [INF] Request finished HTTP/1.0 GET http://host.docker.internal:5156/Category/FindAll - - - 200 - application/json;+charset=utf-8 24.2130ms
2023-12-07 20:24:49.058 +08:00 [INF] Request starting HTTP/1.0 GET http://host.docker.internal:5156/Category/FindAll - -
2023-12-07 20:24:49.058 +08:00 [INF] CORS policy execution successful.
2023-12-07 20:24:49.058 +08:00 [INF] Executing endpoint 'Listening.Main.WebAPI.Controllers.CategoryController.FindAll (Listening.Main.WebAPI)'
2023-12-07 20:24:49.058 +08:00 [INF] Route matched with {action = "FindAll", controller = "Category"}. Executing controller action with signature System.Threading.Tasks.Task`1[Microsoft.AspNetCore.Mvc.ActionResult`1[Listening.Main.WebAPI.Controllers.Categories.ViewModels.CategoryVM[]]] FindAll() on controller Listening.Main.WebAPI.Controllers.CategoryController (Listening.Main.WebAPI).
2023-12-07 20:24:49.058 +08:00 [INF] Executing ObjectResult, writing value of type 'Listening.Main.WebAPI.Controllers.Categories.ViewModels.CategoryVM[]'.
2023-12-07 20:24:49.058 +08:00 [INF] Executed action Listening.Main.WebAPI.Controllers.CategoryController.FindAll (Listening.Main.WebAPI) in 0.3153ms
2023-12-07 20:24:49.058 +08:00 [INF] Executed endpoint 'Listening.Main.WebAPI.Controllers.CategoryController.FindAll (Listening.Main.WebAPI)'
2023-12-07 20:24:49.059 +08:00 [INF] Request finished HTTP/1.0 GET http://host.docker.internal:5156/Category/FindAll - - - 200 - application/json;+charset=utf-8 0.8825ms
2023-12-07 20:28:16.044 +08:00 [INF] Request starting HTTP/1.0 GET http://host.docker.internal:5156/Category/FindAll - -
2023-12-07 20:28:16.044 +08:00 [INF] CORS policy execution successful.
2023-12-07 20:28:16.044 +08:00 [INF] Executing endpoint 'Listening.Main.WebAPI.Controllers.CategoryController.FindAll (Listening.Main.WebAPI)'
2023-12-07 20:28:16.045 +08:00 [INF] Route matched with {action = "FindAll", controller = "Category"}. Executing controller action with signature System.Threading.Tasks.Task`1[Microsoft.AspNetCore.Mvc.ActionResult`1[Listening.Main.WebAPI.Controllers.Categories.ViewModels.CategoryVM[]]] FindAll() on controller Listening.Main.WebAPI.Controllers.CategoryController (Listening.Main.WebAPI).
2023-12-07 20:28:16.077 +08:00 [INF] Executed DbCommand (8ms) [Parameters=[], CommandType='"Text"', CommandTimeout='30']
SELECT [t].[Id], [t].[CoverUrl], [t].[CreationTime], [t].[DeletionTime], [t].[IsDeleted], [t].[LastModificationTime], [t].[SequenceNumber], [t].[Name_Chinese], [t].[Name_English]
FROM [T_Categories] AS [t]
WHERE [t].[IsDeleted] = CAST(0 AS bit)
ORDER BY [t].[SequenceNumber]
2023-12-07 20:28:16.078 +08:00 [INF] Executing ObjectResult, writing value of type 'Listening.Main.WebAPI.Controllers.Categories.ViewModels.CategoryVM[]'.
2023-12-07 20:28:16.078 +08:00 [INF] Executed action Listening.Main.WebAPI.Controllers.CategoryController.FindAll (Listening.Main.WebAPI) in 33.3727ms
2023-12-07 20:28:16.078 +08:00 [INF] Executed endpoint 'Listening.Main.WebAPI.Controllers.CategoryController.FindAll (Listening.Main.WebAPI)'
2023-12-07 20:28:16.078 +08:00 [INF] Request finished HTTP/1.0 GET http://host.docker.internal:5156/Category/FindAll - - - 200 - application/json;+charset=utf-8 34.3369ms
2023-12-07 20:28:16.130 +08:00 [INF] Request starting HTTP/1.0 GET http://host.docker.internal:5156/Category/FindAll - -
2023-12-07 20:28:16.130 +08:00 [INF] CORS policy execution successful.
2023-12-07 20:28:16.131 +08:00 [INF] Executing endpoint 'Listening.Main.WebAPI.Controllers.CategoryController.FindAll (Listening.Main.WebAPI)'
2023-12-07 20:28:16.131 +08:00 [INF] Route matched with {action = "FindAll", controller = "Category"}. Executing controller action with signature System.Threading.Tasks.Task`1[Microsoft.AspNetCore.Mvc.ActionResult`1[Listening.Main.WebAPI.Controllers.Categories.ViewModels.CategoryVM[]]] FindAll() on controller Listening.Main.WebAPI.Controllers.CategoryController (Listening.Main.WebAPI).
2023-12-07 20:28:16.131 +08:00 [INF] Executing ObjectResult, writing value of type 'Listening.Main.WebAPI.Controllers.Categories.ViewModels.CategoryVM[]'.
2023-12-07 20:28:16.131 +08:00 [INF] Executed action Listening.Main.WebAPI.Controllers.CategoryController.FindAll (Listening.Main.WebAPI) in 0.477ms
2023-12-07 20:28:16.131 +08:00 [INF] Executed endpoint 'Listening.Main.WebAPI.Controllers.CategoryController.FindAll (Listening.Main.WebAPI)'
2023-12-07 20:28:16.131 +08:00 [INF] Request finished HTTP/1.0 GET http://host.docker.internal:5156/Category/FindAll - - - 200 - application/json;+charset=utf-8 1.0451ms
2023-12-07 20:28:18.000 +08:00 [INF] Request starting HTTP/1.0 GET http://host.docker.internal:5156/Category/FindAll - -
2023-12-07 20:28:18.000 +08:00 [INF] CORS policy execution successful.
2023-12-07 20:28:18.001 +08:00 [INF] Executing endpoint 'Listening.Main.WebAPI.Controllers.CategoryController.FindAll (Listening.Main.WebAPI)'
2023-12-07 20:28:18.001 +08:00 [INF] Route matched with {action = "FindAll", controller = "Category"}. Executing controller action with signature System.Threading.Tasks.Task`1[Microsoft.AspNetCore.Mvc.ActionResult`1[Listening.Main.WebAPI.Controllers.Categories.ViewModels.CategoryVM[]]] FindAll() on controller Listening.Main.WebAPI.Controllers.CategoryController (Listening.Main.WebAPI).
2023-12-07 20:28:18.001 +08:00 [INF] Executing ObjectResult, writing value of type 'Listening.Main.WebAPI.Controllers.Categories.ViewModels.CategoryVM[]'.
2023-12-07 20:28:18.001 +08:00 [INF] Executed action Listening.Main.WebAPI.Controllers.CategoryController.FindAll (Listening.Main.WebAPI) in 0.4491ms
2023-12-07 20:28:18.001 +08:00 [INF] Executed endpoint 'Listening.Main.WebAPI.Controllers.CategoryController.FindAll (Listening.Main.WebAPI)'
2023-12-07 20:28:18.001 +08:00 [INF] Request finished HTTP/1.0 GET http://host.docker.internal:5156/Category/FindAll - - - 200 - application/json;+charset=utf-8 0.9887ms
2023-12-07 20:28:18.004 +08:00 [INF] Request starting HTTP/1.0 GET http://host.docker.internal:5156/Category/FindAll - -
2023-12-07 20:28:18.005 +08:00 [INF] CORS policy execution successful.
2023-12-07 20:28:18.005 +08:00 [INF] Executing endpoint 'Listening.Main.WebAPI.Controllers.CategoryController.FindAll (Listening.Main.WebAPI)'
2023-12-07 20:28:18.005 +08:00 [INF] Route matched with {action = "FindAll", controller = "Category"}. Executing controller action with signature System.Threading.Tasks.Task`1[Microsoft.AspNetCore.Mvc.ActionResult`1[Listening.Main.WebAPI.Controllers.Categories.ViewModels.CategoryVM[]]] FindAll() on controller Listening.Main.WebAPI.Controllers.CategoryController (Listening.Main.WebAPI).
2023-12-07 20:28:18.006 +08:00 [INF] Executing ObjectResult, writing value of type 'Listening.Main.WebAPI.Controllers.Categories.ViewModels.CategoryVM[]'.
2023-12-07 20:28:18.006 +08:00 [INF] Executed action Listening.Main.WebAPI.Controllers.CategoryController.FindAll (Listening.Main.WebAPI) in 0.3414ms
2023-12-07 20:28:18.006 +08:00 [INF] Executed endpoint 'Listening.Main.WebAPI.Controllers.CategoryController.FindAll (Listening.Main.WebAPI)'
2023-12-07 20:28:18.006 +08:00 [INF] Request finished HTTP/1.0 GET http://host.docker.internal:5156/Category/FindAll - - - 200 - application/json;+charset=utf-8 1.2140ms
2023-12-07 20:29:00.011 +08:00 [INF] Request starting HTTP/1.0 GET http://host.docker.internal:5156/Category/FindAll - -
2023-12-07 20:29:00.012 +08:00 [INF] CORS policy execution successful.
2023-12-07 20:29:00.012 +08:00 [INF] Executing endpoint 'Listening.Main.WebAPI.Controllers.CategoryController.FindAll (Listening.Main.WebAPI)'
2023-12-07 20:29:00.012 +08:00 [INF] Route matched with {action = "FindAll", controller = "Category"}. Executing controller action with signature System.Threading.Tasks.Task`1[Microsoft.AspNetCore.Mvc.ActionResult`1[Listening.Main.WebAPI.Controllers.Categories.ViewModels.CategoryVM[]]] FindAll() on controller Listening.Main.WebAPI.Controllers.CategoryController (Listening.Main.WebAPI).
2023-12-07 20:29:00.012 +08:00 [INF] Executing ObjectResult, writing value of type 'Listening.Main.WebAPI.Controllers.Categories.ViewModels.CategoryVM[]'.
2023-12-07 20:29:00.012 +08:00 [INF] Executed action Listening.Main.WebAPI.Controllers.CategoryController.FindAll (Listening.Main.WebAPI) in 0.3119ms
2023-12-07 20:29:00.012 +08:00 [INF] Executed endpoint 'Listening.Main.WebAPI.Controllers.CategoryController.FindAll (Listening.Main.WebAPI)'
2023-12-07 20:29:00.012 +08:00 [INF] Request finished HTTP/1.0 GET http://host.docker.internal:5156/Category/FindAll - - - 200 - application/json;+charset=utf-8 1.1346ms
2023-12-07 20:29:00.015 +08:00 [INF] Request starting HTTP/1.0 GET http://host.docker.internal:5156/Category/FindAll - -
2023-12-07 20:29:00.015 +08:00 [INF] CORS policy execution successful.
2023-12-07 20:29:00.015 +08:00 [INF] Executing endpoint 'Listening.Main.WebAPI.Controllers.CategoryController.FindAll (Listening.Main.WebAPI)'
2023-12-07 20:29:00.015 +08:00 [INF] Route matched with {action = "FindAll", controller = "Category"}. Executing controller action with signature System.Threading.Tasks.Task`1[Microsoft.AspNetCore.Mvc.ActionResult`1[Listening.Main.WebAPI.Controllers.Categories.ViewModels.CategoryVM[]]] FindAll() on controller Listening.Main.WebAPI.Controllers.CategoryController (Listening.Main.WebAPI).
2023-12-07 20:29:00.015 +08:00 [INF] Executing ObjectResult, writing value of type 'Listening.Main.WebAPI.Controllers.Categories.ViewModels.CategoryVM[]'.
2023-12-07 20:29:00.015 +08:00 [INF] Executed action Listening.Main.WebAPI.Controllers.CategoryController.FindAll (Listening.Main.WebAPI) in 0.2001ms
2023-12-07 20:29:00.015 +08:00 [INF] Executed endpoint 'Listening.Main.WebAPI.Controllers.CategoryController.FindAll (Listening.Main.WebAPI)'
2023-12-07 20:29:00.015 +08:00 [INF] Request finished HTTP/1.0 GET http://host.docker.internal:5156/Category/FindAll - - - 200 - application/json;+charset=utf-8 0.5532ms
2023-12-07 20:29:00.961 +08:00 [INF] Request starting HTTP/1.0 GET http://host.docker.internal:5156/Category/FindAll - -
2023-12-07 20:29:00.961 +08:00 [INF] CORS policy execution successful.
2023-12-07 20:29:00.961 +08:00 [INF] Executing endpoint 'Listening.Main.WebAPI.Controllers.CategoryController.FindAll (Listening.Main.WebAPI)'
2023-12-07 20:29:00.961 +08:00 [INF] Route matched with {action = "FindAll", controller = "Category"}. Executing controller action with signature System.Threading.Tasks.Task`1[Microsoft.AspNetCore.Mvc.ActionResult`1[Listening.Main.WebAPI.Controllers.Categories.ViewModels.CategoryVM[]]] FindAll() on controller Listening.Main.WebAPI.Controllers.CategoryController (Listening.Main.WebAPI).
2023-12-07 20:29:00.961 +08:00 [INF] Executing ObjectResult, writing value of type 'Listening.Main.WebAPI.Controllers.Categories.ViewModels.CategoryVM[]'.
2023-12-07 20:29:00.962 +08:00 [INF] Executed action Listening.Main.WebAPI.Controllers.CategoryController.FindAll (Listening.Main.WebAPI) in 0.3432ms
2023-12-07 20:29:00.962 +08:00 [INF] Executed endpoint 'Listening.Main.WebAPI.Controllers.CategoryController.FindAll (Listening.Main.WebAPI)'
2023-12-07 20:29:00.962 +08:00 [INF] Request finished HTTP/1.0 GET http://host.docker.internal:5156/Category/FindAll - - - 200 - application/json;+charset=utf-8 0.7242ms
2023-12-07 20:29:00.964 +08:00 [INF] Request starting HTTP/1.0 GET http://host.docker.internal:5156/Category/FindAll - -
2023-12-07 20:29:00.964 +08:00 [INF] CORS policy execution successful.
2023-12-07 20:29:00.964 +08:00 [INF] Executing endpoint 'Listening.Main.WebAPI.Controllers.CategoryController.FindAll (Listening.Main.WebAPI)'
2023-12-07 20:29:00.964 +08:00 [INF] Route matched with {action = "FindAll", controller = "Category"}. Executing controller action with signature System.Threading.Tasks.Task`1[Microsoft.AspNetCore.Mvc.ActionResult`1[Listening.Main.WebAPI.Controllers.Categories.ViewModels.CategoryVM[]]] FindAll() on controller Listening.Main.WebAPI.Controllers.CategoryController (Listening.Main.WebAPI).
2023-12-07 20:29:00.964 +08:00 [INF] Executing ObjectResult, writing value of type 'Listening.Main.WebAPI.Controllers.Categories.ViewModels.CategoryVM[]'.
2023-12-07 20:29:00.964 +08:00 [INF] Executed action Listening.Main.WebAPI.Controllers.CategoryController.FindAll (Listening.Main.WebAPI) in 0.1866ms
2023-12-07 20:29:00.964 +08:00 [INF] Executed endpoint 'Listening.Main.WebAPI.Controllers.CategoryController.FindAll (Listening.Main.WebAPI)'
2023-12-07 20:29:00.964 +08:00 [INF] Request finished HTTP/1.0 GET http://host.docker.internal:5156/Category/FindAll - - - 200 - application/json;+charset=utf-8 0.4303ms
2023-12-07 20:29:52.779 +08:00 [INF] Request starting HTTP/1.0 GET http://host.docker.internal:5156/Category/FindAll - -
2023-12-07 20:29:52.802 +08:00 [INF] CORS policy execution successful.
2023-12-07 20:29:52.803 +08:00 [INF] Executing endpoint 'Listening.Main.WebAPI.Controllers.CategoryController.FindAll (Listening.Main.WebAPI)'
2023-12-07 20:29:52.803 +08:00 [INF] Route matched with {action = "FindAll", controller = "Category"}. Executing controller action with signature System.Threading.Tasks.Task`1[Microsoft.AspNetCore.Mvc.ActionResult`1[Listening.Main.WebAPI.Controllers.Categories.ViewModels.CategoryVM[]]] FindAll() on controller Listening.Main.WebAPI.Controllers.CategoryController (Listening.Main.WebAPI).
2023-12-07 20:29:52.830 +08:00 [INF] Executing ObjectResult, writing value of type 'Listening.Main.WebAPI.Controllers.Categories.ViewModels.CategoryVM[]'.
2023-12-07 20:29:52.831 +08:00 [INF] Executed action Listening.Main.WebAPI.Controllers.CategoryController.FindAll (Listening.Main.WebAPI) in 27.2928ms
2023-12-07 20:29:52.831 +08:00 [INF] Executed endpoint 'Listening.Main.WebAPI.Controllers.CategoryController.FindAll (Listening.Main.WebAPI)'
2023-12-07 20:29:52.831 +08:00 [INF] Request finished HTTP/1.0 GET http://host.docker.internal:5156/Category/FindAll - - - 200 - application/json;+charset=utf-8 52.0131ms
2023-12-07 20:29:52.838 +08:00 [INF] Request starting HTTP/1.0 GET http://host.docker.internal:5156/Category/FindAll - -
2023-12-07 20:29:52.839 +08:00 [INF] CORS policy execution successful.
2023-12-07 20:29:52.839 +08:00 [INF] Executing endpoint 'Listening.Main.WebAPI.Controllers.CategoryController.FindAll (Listening.Main.WebAPI)'
2023-12-07 20:29:52.839 +08:00 [INF] Route matched with {action = "FindAll", controller = "Category"}. Executing controller action with signature System.Threading.Tasks.Task`1[Microsoft.AspNetCore.Mvc.ActionResult`1[Listening.Main.WebAPI.Controllers.Categories.ViewModels.CategoryVM[]]] FindAll() on controller Listening.Main.WebAPI.Controllers.CategoryController (Listening.Main.WebAPI).
2023-12-07 20:29:52.840 +08:00 [INF] Executing ObjectResult, writing value of type 'Listening.Main.WebAPI.Controllers.Categories.ViewModels.CategoryVM[]'.
2023-12-07 20:29:52.840 +08:00 [INF] Executed action Listening.Main.WebAPI.Controllers.CategoryController.FindAll (Listening.Main.WebAPI) in 0.9373ms
2023-12-07 20:29:52.840 +08:00 [INF] Executed endpoint 'Listening.Main.WebAPI.Controllers.CategoryController.FindAll (Listening.Main.WebAPI)'
2023-12-07 20:29:52.840 +08:00 [INF] Request finished HTTP/1.0 GET http://host.docker.internal:5156/Category/FindAll - - - 200 - application/json;+charset=utf-8 2.0714ms
2023-12-07 20:31:13.954 +08:00 [INF] Request starting HTTP/1.0 GET http://host.docker.internal:5156/Category/FindAll - -
2023-12-07 20:31:13.955 +08:00 [INF] CORS policy execution successful.
2023-12-07 20:31:13.955 +08:00 [INF] Executing endpoint 'Listening.Main.WebAPI.Controllers.CategoryController.FindAll (Listening.Main.WebAPI)'
2023-12-07 20:31:13.955 +08:00 [INF] Route matched with {action = "FindAll", controller = "Category"}. Executing controller action with signature System.Threading.Tasks.Task`1[Microsoft.AspNetCore.Mvc.ActionResult`1[Listening.Main.WebAPI.Controllers.Categories.ViewModels.CategoryVM[]]] FindAll() on controller Listening.Main.WebAPI.Controllers.CategoryController (Listening.Main.WebAPI).
2023-12-07 20:31:13.965 +08:00 [INF] Executed DbCommand (9ms) [Parameters=[], CommandType='"Text"', CommandTimeout='30']
SELECT [t].[Id], [t].[CoverUrl], [t].[CreationTime], [t].[DeletionTime], [t].[IsDeleted], [t].[LastModificationTime], [t].[SequenceNumber], [t].[Name_Chinese], [t].[Name_English]
FROM [T_Categories] AS [t]
WHERE [t].[IsDeleted] = CAST(0 AS bit)
ORDER BY [t].[SequenceNumber]
2023-12-07 20:31:13.965 +08:00 [INF] Executing ObjectResult, writing value of type 'Listening.Main.WebAPI.Controllers.Categories.ViewModels.CategoryVM[]'.
2023-12-07 20:31:13.965 +08:00 [INF] Executed action Listening.Main.WebAPI.Controllers.CategoryController.FindAll (Listening.Main.WebAPI) in 10.438ms
2023-12-07 20:31:13.965 +08:00 [INF] Executed endpoint 'Listening.Main.WebAPI.Controllers.CategoryController.FindAll (Listening.Main.WebAPI)'
2023-12-07 20:31:13.965 +08:00 [INF] Request finished HTTP/1.0 GET http://host.docker.internal:5156/Category/FindAll - - - 200 - application/json;+charset=utf-8 11.1317ms
2023-12-07 20:31:13.968 +08:00 [INF] Request starting HTTP/1.0 GET http://host.docker.internal:5156/Category/FindAll - -
2023-12-07 20:31:13.994 +08:00 [INF] CORS policy execution successful.
2023-12-07 20:31:13.994 +08:00 [INF] Executing endpoint 'Listening.Main.WebAPI.Controllers.CategoryController.FindAll (Listening.Main.WebAPI)'
2023-12-07 20:31:13.995 +08:00 [INF] Route matched with {action = "FindAll", controller = "Category"}. Executing controller action with signature System.Threading.Tasks.Task`1[Microsoft.AspNetCore.Mvc.ActionResult`1[Listening.Main.WebAPI.Controllers.Categories.ViewModels.CategoryVM[]]] FindAll() on controller Listening.Main.WebAPI.Controllers.CategoryController (Listening.Main.WebAPI).
2023-12-07 20:31:13.995 +08:00 [INF] Executing ObjectResult, writing value of type 'Listening.Main.WebAPI.Controllers.Categories.ViewModels.CategoryVM[]'.
2023-12-07 20:31:13.995 +08:00 [INF] Executed action Listening.Main.WebAPI.Controllers.CategoryController.FindAll (Listening.Main.WebAPI) in 0.3109ms
2023-12-07 20:31:13.995 +08:00 [INF] Executed endpoint 'Listening.Main.WebAPI.Controllers.CategoryController.FindAll (Listening.Main.WebAPI)'
2023-12-07 20:31:13.995 +08:00 [INF] Request finished HTTP/1.0 GET http://host.docker.internal:5156/Category/FindAll - - - 200 - application/json;+charset=utf-8 26.9969ms
2023-12-07 20:33:21.867 +08:00 [INF] Request starting HTTP/1.0 GET http://host.docker.internal:5156/Category/FindAll - -
2023-12-07 20:33:21.868 +08:00 [INF] CORS policy execution successful.
2023-12-07 20:33:21.869 +08:00 [INF] Executing endpoint 'Listening.Main.WebAPI.Controllers.CategoryController.FindAll (Listening.Main.WebAPI)'
2023-12-07 20:33:21.869 +08:00 [INF] Route matched with {action = "FindAll", controller = "Category"}. Executing controller action with signature System.Threading.Tasks.Task`1[Microsoft.AspNetCore.Mvc.ActionResult`1[Listening.Main.WebAPI.Controllers.Categories.ViewModels.CategoryVM[]]] FindAll() on controller Listening.Main.WebAPI.Controllers.CategoryController (Listening.Main.WebAPI).
2023-12-07 20:33:21.880 +08:00 [INF] Executed DbCommand (8ms) [Parameters=[], CommandType='"Text"', CommandTimeout='30']
SELECT [t].[Id], [t].[CoverUrl], [t].[CreationTime], [t].[DeletionTime], [t].[IsDeleted], [t].[LastModificationTime], [t].[SequenceNumber], [t].[Name_Chinese], [t].[Name_English]
FROM [T_Categories] AS [t]
WHERE [t].[IsDeleted] = CAST(0 AS bit)
ORDER BY [t].[SequenceNumber]
2023-12-07 20:33:21.880 +08:00 [INF] Executing ObjectResult, writing value of type 'Listening.Main.WebAPI.Controllers.Categories.ViewModels.CategoryVM[]'.
2023-12-07 20:33:21.880 +08:00 [INF] Executed action Listening.Main.WebAPI.Controllers.CategoryController.FindAll (Listening.Main.WebAPI) in 11.4177ms
2023-12-07 20:33:21.881 +08:00 [INF] Executed endpoint 'Listening.Main.WebAPI.Controllers.CategoryController.FindAll (Listening.Main.WebAPI)'
2023-12-07 20:33:21.881 +08:00 [INF] Request finished HTTP/1.0 GET http://host.docker.internal:5156/Category/FindAll - - - 200 - application/json;+charset=utf-8 36.2080ms
2023-12-07 20:33:21.883 +08:00 [INF] Request starting HTTP/1.0 GET http://host.docker.internal:5156/Category/FindAll - -
2023-12-07 20:33:21.883 +08:00 [INF] CORS policy execution successful.
2023-12-07 20:33:21.883 +08:00 [INF] Executing endpoint 'Listening.Main.WebAPI.Controllers.CategoryController.FindAll (Listening.Main.WebAPI)'
2023-12-07 20:33:21.884 +08:00 [INF] Route matched with {action = "FindAll", controller = "Category"}. Executing controller action with signature System.Threading.Tasks.Task`1[Microsoft.AspNetCore.Mvc.ActionResult`1[Listening.Main.WebAPI.Controllers.Categories.ViewModels.CategoryVM[]]] FindAll() on controller Listening.Main.WebAPI.Controllers.CategoryController (Listening.Main.WebAPI).
2023-12-07 20:33:21.884 +08:00 [INF] Executing ObjectResult, writing value of type 'Listening.Main.WebAPI.Controllers.Categories.ViewModels.CategoryVM[]'.
2023-12-07 20:33:21.884 +08:00 [INF] Executed action Listening.Main.WebAPI.Controllers.CategoryController.FindAll (Listening.Main.WebAPI) in 0.2211ms
2023-12-07 20:33:21.884 +08:00 [INF] Executed endpoint 'Listening.Main.WebAPI.Controllers.CategoryController.FindAll (Listening.Main.WebAPI)'
2023-12-07 20:33:21.884 +08:00 [INF] Request finished HTTP/1.0 GET http://host.docker.internal:5156/Category/FindAll - - - 200 - application/json;+charset=utf-8 0.5217ms
2023-12-07 21:21:13.259 +08:00 [INF] User profile is available. Using '/Users/shiyangyang/.aspnet/DataProtection-Keys' as key repository; keys will not be encrypted at rest.
2023-12-07 21:21:13.294 +08:00 [INF] Now listening on: http://localhost:5156
2023-12-07 21:21:13.296 +08:00 [INF] Application started. Press Ctrl+C to shut down.
2023-12-07 21:21:13.296 +08:00 [INF] Hosting environment: Development
2023-12-07 21:21:13.297 +08:00 [INF] Content root path: /Users/shiyangyang/RiderProjects/Noodles.LnEn/Listening.Main.WebAPI
2023-12-07 21:21:13.348 +08:00 [INF] Request starting HTTP/1.1 GET http://localhost:5156/swagger/index.html - -
2023-12-07 21:21:13.399 +08:00 [INF] Request finished HTTP/1.1 GET http://localhost:5156/swagger/index.html - - - 200 - text/html;charset=utf-8 51.2772ms
2023-12-07 21:21:13.505 +08:00 [INF] Request starting HTTP/1.1 GET http://localhost:5156/swagger/v1/swagger.json - -
2023-12-07 21:21:13.539 +08:00 [INF] Request finished HTTP/1.1 GET http://localhost:5156/swagger/v1/swagger.json - - - 200 - application/json;charset=utf-8 34.0112ms
