2023-10-01 01:51:44.395 +08:00 [INF] User profile is available. Using '/Users/shiyangyang/.aspnet/DataProtection-Keys' as key repository; keys will not be encrypted at rest.
2023-10-01 01:51:44.446 +08:00 [INF] Now listening on: http://localhost:5008
2023-10-01 01:51:44.449 +08:00 [INF] Application started. Press Ctrl+C to shut down.
2023-10-01 01:51:44.450 +08:00 [INF] Hosting environment: Development
2023-10-01 01:51:44.451 +08:00 [INF] Content root path: /Users/shiyangyang/Desktop/backend/Noodles.LnEn/IdentityService.WebAPI
2023-10-01 01:51:45.296 +08:00 [INF] Request starting HTTP/1.1 GET http://localhost:5008/swagger - -
2023-10-01 01:51:45.331 +08:00 [INF] Request finished HTTP/1.1 GET http://localhost:5008/swagger - - - 301 0 - 35.3555ms
2023-10-01 01:51:45.333 +08:00 [INF] Request starting HTTP/1.1 GET http://localhost:5008/swagger/index.html - -
2023-10-01 01:51:45.378 +08:00 [INF] Request finished HTTP/1.1 GET http://localhost:5008/swagger/index.html - - - 200 - text/html;charset=utf-8 45.0855ms
2023-10-01 01:51:45.391 +08:00 [INF] Request starting HTTP/1.1 GET http://localhost:5008/swagger/swagger-ui.css - -
2023-10-01 01:51:45.393 +08:00 [INF] Request starting HTTP/1.1 GET http://localhost:5008/swagger/swagger-ui-bundle.js - -
2023-10-01 01:51:45.394 +08:00 [INF] Request starting HTTP/1.1 GET http://localhost:5008/swagger/swagger-ui-standalone-preset.js - -
2023-10-01 01:51:45.771 +08:00 [INF] Sending file. Request path: '/swagger-ui.css'. Physical path: 'N/A'
2023-10-01 01:51:45.771 +08:00 [INF] Sending file. Request path: '/swagger-ui-standalone-preset.js'. Physical path: 'N/A'
2023-10-01 01:51:45.780 +08:00 [INF] Sending file. Request path: '/swagger-ui-bundle.js'. Physical path: 'N/A'
2023-10-01 01:51:45.780 +08:00 [INF] Request finished HTTP/1.1 GET http://localhost:5008/swagger/swagger-ui-bundle.js - - - 200 1061536 text/javascript 386.8532ms
2023-10-01 01:51:45.780 +08:00 [INF] Request finished HTTP/1.1 GET http://localhost:5008/swagger/swagger-ui.css - - - 200 144929 text/css 388.8841ms
2023-10-01 01:51:45.780 +08:00 [INF] Request finished HTTP/1.1 GET http://localhost:5008/swagger/swagger-ui-standalone-preset.js - - - 200 312163 text/javascript 386.2234ms
2023-10-01 01:51:45.849 +08:00 [INF] Request starting HTTP/1.1 GET http://localhost:5008/swagger/v1/swagger.json - -
2023-10-01 01:51:45.858 +08:00 [INF] Request starting HTTP/1.1 GET http://localhost:5008/swagger/favicon-32x32.png - -
2023-10-01 01:51:45.858 +08:00 [INF] Sending file. Request path: '/favicon-32x32.png'. Physical path: 'N/A'
2023-10-01 01:51:45.858 +08:00 [INF] Request finished HTTP/1.1 GET http://localhost:5008/swagger/favicon-32x32.png - - - 200 628 image/png 0.3871ms
2023-10-01 01:51:45.905 +08:00 [INF] Request finished HTTP/1.1 GET http://localhost:5008/swagger/v1/swagger.json - - - 200 - application/json;charset=utf-8 55.7801ms
2023-10-01 01:59:42.275 +08:00 [INF] Request starting HTTP/1.1 POST http://localhost:5008/Login/CreateWorld - 0
2023-10-01 01:59:42.282 +08:00 [INF] CORS policy execution failed.
2023-10-01 01:59:42.283 +08:00 [INF] Request origin http://localhost:5008 does not have permission to access the resource.
2023-10-01 01:59:42.328 +08:00 [INF] Executing endpoint 'IdentityService.WebAPI.Controllers.Login.LoginController.CreateWorld (IdentityService.WebAPI)'
2023-10-01 01:59:42.340 +08:00 [INF] Route matched with {action = "CreateWorld", controller = "Login"}. Executing controller action with signature System.Threading.Tasks.Task`1[Microsoft.AspNetCore.Mvc.ActionResult] CreateWorld() on controller IdentityService.WebAPI.Controllers.Login.LoginController (IdentityService.WebAPI).
2023-10-01 01:59:43.214 +08:00 [ERR] An error occurred using the connection to database 'YouzackVNextDB' on server '192.168.31.134,1433'.
2023-10-01 01:59:43.231 +08:00 [ERR] An exception occurred while iterating over the results of a query for context type 'IdentityService.Infrastructure.IdDbContext'.
Microsoft.Data.SqlClient.SqlException (0x80131904): A connection was successfully established with the server, but then an error occurred during the pre-login handshake. (provider: TCP Provider, error: 35 - An internal exception was caught)
 ---> System.Security.Authentication.AuthenticationException: The remote certificate was rejected by the provided RemoteCertificateValidationCallback.
   at System.Net.Security.SslStream.SendAuthResetSignal(ProtocolToken message, ExceptionDispatchInfo exception)
   at System.Net.Security.SslStream.CompleteHandshake(SslAuthenticationOptions sslAuthenticationOptions)
   at System.Net.Security.SslStream.ForceAuthenticationAsync[TIOAdapter](Boolean receiveFirst, Byte[] reAuthenticationData, CancellationToken cancellationToken)
   at System.Net.Security.SslStream.AuthenticateAsClient(SslClientAuthenticationOptions sslClientAuthenticationOptions)
   at Microsoft.Data.SqlClient.SNI.SNITCPHandle.EnableSsl(UInt32 options)
   at Microsoft.Data.SqlClient.SqlInternalConnection.OnError(SqlException exception, Boolean breakConnection, Action`1 wrapCloseInAction)
   at Microsoft.Data.SqlClient.TdsParser.ThrowExceptionAndWarning(TdsParserStateObject stateObj, Boolean callerHasConnectionLock, Boolean asyncClose)
   at Microsoft.Data.SqlClient.TdsParser.EnableSsl(UInt32 info, SqlConnectionEncryptOption encrypt, Boolean integratedSecurity, String serverCertificateFilename)
   at Microsoft.Data.SqlClient.TdsParser.ConsumePreLoginHandshake(SqlConnectionEncryptOption encrypt, Boolean trustServerCert, Boolean integratedSecurity, Boolean& marsCapable, Boolean& fedAuthRequired, Boolean tlsFirst, String serverCert)
   at Microsoft.Data.SqlClient.TdsParser.Connect(ServerInfo serverInfo, SqlInternalConnectionTds connHandler, Boolean ignoreSniOpenTimeout, Int64 timerExpire, SqlConnectionString connectionOptions, Boolean withFailover)
   at Microsoft.Data.SqlClient.SqlInternalConnectionTds.AttemptOneLogin(ServerInfo serverInfo, String newPassword, SecureString newSecurePassword, Boolean ignoreSniOpenTimeout, TimeoutTimer timeout, Boolean withFailover)
   at Microsoft.Data.SqlClient.SqlInternalConnectionTds.LoginNoFailover(ServerInfo serverInfo, String newPassword, SecureString newSecurePassword, Boolean redirectedUserInstance, SqlConnectionString connectionOptions, SqlCredential credential, TimeoutTimer timeout)
   at Microsoft.Data.SqlClient.SqlInternalConnectionTds.OpenLoginEnlist(TimeoutTimer timeout, SqlConnectionString connectionOptions, SqlCredential credential, String newPassword, SecureString newSecurePassword, Boolean redirectedUserInstance)
   at Microsoft.Data.SqlClient.SqlInternalConnectionTds..ctor(DbConnectionPoolIdentity identity, SqlConnectionString connectionOptions, SqlCredential credential, Object providerInfo, String newPassword, SecureString newSecurePassword, Boolean redirectedUserInstance, SqlConnectionString userConnectionOptions, SessionData reconnectSessionData, Boolean applyTransientFaultHandling, String accessToken, DbConnectionPool pool)
   at Microsoft.Data.SqlClient.SqlConnectionFactory.CreateConnection(DbConnectionOptions options, DbConnectionPoolKey poolKey, Object poolGroupProviderInfo, DbConnectionPool pool, DbConnection owningConnection, DbConnectionOptions userOptions)
   at Microsoft.Data.ProviderBase.DbConnectionFactory.CreatePooledConnection(DbConnectionPool pool, DbConnection owningObject, DbConnectionOptions options, DbConnectionPoolKey poolKey, DbConnectionOptions userOptions)
   at Microsoft.Data.ProviderBase.DbConnectionPool.CreateObject(DbConnection owningObject, DbConnectionOptions userOptions, DbConnectionInternal oldConnection)
   at Microsoft.Data.ProviderBase.DbConnectionPool.UserCreateRequest(DbConnection owningObject, DbConnectionOptions userOptions, DbConnectionInternal oldConnection)
   at Microsoft.Data.ProviderBase.DbConnectionPool.TryGetConnection(DbConnection owningObject, UInt32 waitForMultipleObjectsTimeout, Boolean allowCreate, Boolean onlyOneCheckConnection, DbConnectionOptions userOptions, DbConnectionInternal& connection)
   at Microsoft.Data.ProviderBase.DbConnectionPool.WaitForPendingOpen()
--- End of stack trace from previous location ---
   at Microsoft.EntityFrameworkCore.Storage.RelationalConnection.OpenInternalAsync(Boolean errorsExpected, CancellationToken cancellationToken)
   at Microsoft.EntityFrameworkCore.Storage.RelationalConnection.OpenInternalAsync(Boolean errorsExpected, CancellationToken cancellationToken)
   at Microsoft.EntityFrameworkCore.Storage.RelationalConnection.OpenAsync(CancellationToken cancellationToken, Boolean errorsExpected)
   at Microsoft.EntityFrameworkCore.Storage.RelationalCommand.ExecuteReaderAsync(RelationalCommandParameterObject parameterObject, CancellationToken cancellationToken)
   at Microsoft.EntityFrameworkCore.Query.Internal.SingleQueryingEnumerable`1.AsyncEnumerator.InitializeReaderAsync(AsyncEnumerator enumerator, CancellationToken cancellationToken)
   at Microsoft.EntityFrameworkCore.SqlServer.Storage.Internal.SqlServerExecutionStrategy.ExecuteAsync[TState,TResult](TState state, Func`4 operation, Func`4 verifySucceeded, CancellationToken cancellationToken)
   at Microsoft.EntityFrameworkCore.Query.Internal.SingleQueryingEnumerable`1.AsyncEnumerator.MoveNextAsync()
ClientConnectionId:b8dd0ea5-5e62-4152-81a1-c104844a563c
Error Number:-2146893019,State:0,Class:20
Microsoft.Data.SqlClient.SqlException (0x80131904): A connection was successfully established with the server, but then an error occurred during the pre-login handshake. (provider: TCP Provider, error: 35 - An internal exception was caught)
 ---> System.Security.Authentication.AuthenticationException: The remote certificate was rejected by the provided RemoteCertificateValidationCallback.
   at System.Net.Security.SslStream.SendAuthResetSignal(ProtocolToken message, ExceptionDispatchInfo exception)
   at System.Net.Security.SslStream.CompleteHandshake(SslAuthenticationOptions sslAuthenticationOptions)
   at System.Net.Security.SslStream.ForceAuthenticationAsync[TIOAdapter](Boolean receiveFirst, Byte[] reAuthenticationData, CancellationToken cancellationToken)
   at System.Net.Security.SslStream.AuthenticateAsClient(SslClientAuthenticationOptions sslClientAuthenticationOptions)
   at Microsoft.Data.SqlClient.SNI.SNITCPHandle.EnableSsl(UInt32 options)
   at Microsoft.Data.SqlClient.SqlInternalConnection.OnError(SqlException exception, Boolean breakConnection, Action`1 wrapCloseInAction)
   at Microsoft.Data.SqlClient.TdsParser.ThrowExceptionAndWarning(TdsParserStateObject stateObj, Boolean callerHasConnectionLock, Boolean asyncClose)
   at Microsoft.Data.SqlClient.TdsParser.EnableSsl(UInt32 info, SqlConnectionEncryptOption encrypt, Boolean integratedSecurity, String serverCertificateFilename)
   at Microsoft.Data.SqlClient.TdsParser.ConsumePreLoginHandshake(SqlConnectionEncryptOption encrypt, Boolean trustServerCert, Boolean integratedSecurity, Boolean& marsCapable, Boolean& fedAuthRequired, Boolean tlsFirst, String serverCert)
   at Microsoft.Data.SqlClient.TdsParser.Connect(ServerInfo serverInfo, SqlInternalConnectionTds connHandler, Boolean ignoreSniOpenTimeout, Int64 timerExpire, SqlConnectionString connectionOptions, Boolean withFailover)
   at Microsoft.Data.SqlClient.SqlInternalConnectionTds.AttemptOneLogin(ServerInfo serverInfo, String newPassword, SecureString newSecurePassword, Boolean ignoreSniOpenTimeout, TimeoutTimer timeout, Boolean withFailover)
   at Microsoft.Data.SqlClient.SqlInternalConnectionTds.LoginNoFailover(ServerInfo serverInfo, String newPassword, SecureString newSecurePassword, Boolean redirectedUserInstance, SqlConnectionString connectionOptions, SqlCredential credential, TimeoutTimer timeout)
   at Microsoft.Data.SqlClient.SqlInternalConnectionTds.OpenLoginEnlist(TimeoutTimer timeout, SqlConnectionString connectionOptions, SqlCredential credential, String newPassword, SecureString newSecurePassword, Boolean redirectedUserInstance)
   at Microsoft.Data.SqlClient.SqlInternalConnectionTds..ctor(DbConnectionPoolIdentity identity, SqlConnectionString connectionOptions, SqlCredential credential, Object providerInfo, String newPassword, SecureString newSecurePassword, Boolean redirectedUserInstance, SqlConnectionString userConnectionOptions, SessionData reconnectSessionData, Boolean applyTransientFaultHandling, String accessToken, DbConnectionPool pool)
   at Microsoft.Data.SqlClient.SqlConnectionFactory.CreateConnection(DbConnectionOptions options, DbConnectionPoolKey poolKey, Object poolGroupProviderInfo, DbConnectionPool pool, DbConnection owningConnection, DbConnectionOptions userOptions)
   at Microsoft.Data.ProviderBase.DbConnectionFactory.CreatePooledConnection(DbConnectionPool pool, DbConnection owningObject, DbConnectionOptions options, DbConnectionPoolKey poolKey, DbConnectionOptions userOptions)
   at Microsoft.Data.ProviderBase.DbConnectionPool.CreateObject(DbConnection owningObject, DbConnectionOptions userOptions, DbConnectionInternal oldConnection)
   at Microsoft.Data.ProviderBase.DbConnectionPool.UserCreateRequest(DbConnection owningObject, DbConnectionOptions userOptions, DbConnectionInternal oldConnection)
   at Microsoft.Data.ProviderBase.DbConnectionPool.TryGetConnection(DbConnection owningObject, UInt32 waitForMultipleObjectsTimeout, Boolean allowCreate, Boolean onlyOneCheckConnection, DbConnectionOptions userOptions, DbConnectionInternal& connection)
   at Microsoft.Data.ProviderBase.DbConnectionPool.WaitForPendingOpen()
--- End of stack trace from previous location ---
   at Microsoft.EntityFrameworkCore.Storage.RelationalConnection.OpenInternalAsync(Boolean errorsExpected, CancellationToken cancellationToken)
   at Microsoft.EntityFrameworkCore.Storage.RelationalConnection.OpenInternalAsync(Boolean errorsExpected, CancellationToken cancellationToken)
   at Microsoft.EntityFrameworkCore.Storage.RelationalConnection.OpenAsync(CancellationToken cancellationToken, Boolean errorsExpected)
   at Microsoft.EntityFrameworkCore.Storage.RelationalCommand.ExecuteReaderAsync(RelationalCommandParameterObject parameterObject, CancellationToken cancellationToken)
   at Microsoft.EntityFrameworkCore.Query.Internal.SingleQueryingEnumerable`1.AsyncEnumerator.InitializeReaderAsync(AsyncEnumerator enumerator, CancellationToken cancellationToken)
   at Microsoft.EntityFrameworkCore.SqlServer.Storage.Internal.SqlServerExecutionStrategy.ExecuteAsync[TState,TResult](TState state, Func`4 operation, Func`4 verifySucceeded, CancellationToken cancellationToken)
   at Microsoft.EntityFrameworkCore.Query.Internal.SingleQueryingEnumerable`1.AsyncEnumerator.MoveNextAsync()
ClientConnectionId:b8dd0ea5-5e62-4152-81a1-c104844a563c
Error Number:-2146893019,State:0,Class:20
2023-10-01 01:59:43.303 +08:00 [INF] Executed action IdentityService.WebAPI.Controllers.Login.LoginController.CreateWorld (IdentityService.WebAPI) in 958.5703ms
2023-10-01 01:59:43.309 +08:00 [INF] Executed endpoint 'IdentityService.WebAPI.Controllers.Login.LoginController.CreateWorld (IdentityService.WebAPI)'
2023-10-01 01:59:43.320 +08:00 [ERR] An unhandled exception has occurred while executing the request.
Microsoft.Data.SqlClient.SqlException (0x80131904): A connection was successfully established with the server, but then an error occurred during the pre-login handshake. (provider: TCP Provider, error: 35 - An internal exception was caught)
 ---> System.Security.Authentication.AuthenticationException: The remote certificate was rejected by the provided RemoteCertificateValidationCallback.
   at System.Net.Security.SslStream.SendAuthResetSignal(ProtocolToken message, ExceptionDispatchInfo exception)
   at System.Net.Security.SslStream.CompleteHandshake(SslAuthenticationOptions sslAuthenticationOptions)
   at System.Net.Security.SslStream.ForceAuthenticationAsync[TIOAdapter](Boolean receiveFirst, Byte[] reAuthenticationData, CancellationToken cancellationToken)
   at System.Net.Security.SslStream.AuthenticateAsClient(SslClientAuthenticationOptions sslClientAuthenticationOptions)
   at Microsoft.Data.SqlClient.SNI.SNITCPHandle.EnableSsl(UInt32 options)
   at Microsoft.Data.SqlClient.SqlInternalConnection.OnError(SqlException exception, Boolean breakConnection, Action`1 wrapCloseInAction)
   at Microsoft.Data.SqlClient.TdsParser.ThrowExceptionAndWarning(TdsParserStateObject stateObj, Boolean callerHasConnectionLock, Boolean asyncClose)
   at Microsoft.Data.SqlClient.TdsParser.EnableSsl(UInt32 info, SqlConnectionEncryptOption encrypt, Boolean integratedSecurity, String serverCertificateFilename)
   at Microsoft.Data.SqlClient.TdsParser.ConsumePreLoginHandshake(SqlConnectionEncryptOption encrypt, Boolean trustServerCert, Boolean integratedSecurity, Boolean& marsCapable, Boolean& fedAuthRequired, Boolean tlsFirst, String serverCert)
   at Microsoft.Data.SqlClient.TdsParser.Connect(ServerInfo serverInfo, SqlInternalConnectionTds connHandler, Boolean ignoreSniOpenTimeout, Int64 timerExpire, SqlConnectionString connectionOptions, Boolean withFailover)
   at Microsoft.Data.SqlClient.SqlInternalConnectionTds.AttemptOneLogin(ServerInfo serverInfo, String newPassword, SecureString newSecurePassword, Boolean ignoreSniOpenTimeout, TimeoutTimer timeout, Boolean withFailover)
   at Microsoft.Data.SqlClient.SqlInternalConnectionTds.LoginNoFailover(ServerInfo serverInfo, String newPassword, SecureString newSecurePassword, Boolean redirectedUserInstance, SqlConnectionString connectionOptions, SqlCredential credential, TimeoutTimer timeout)
   at Microsoft.Data.SqlClient.SqlInternalConnectionTds.OpenLoginEnlist(TimeoutTimer timeout, SqlConnectionString connectionOptions, SqlCredential credential, String newPassword, SecureString newSecurePassword, Boolean redirectedUserInstance)
   at Microsoft.Data.SqlClient.SqlInternalConnectionTds..ctor(DbConnectionPoolIdentity identity, SqlConnectionString connectionOptions, SqlCredential credential, Object providerInfo, String newPassword, SecureString newSecurePassword, Boolean redirectedUserInstance, SqlConnectionString userConnectionOptions, SessionData reconnectSessionData, Boolean applyTransientFaultHandling, String accessToken, DbConnectionPool pool)
   at Microsoft.Data.SqlClient.SqlConnectionFactory.CreateConnection(DbConnectionOptions options, DbConnectionPoolKey poolKey, Object poolGroupProviderInfo, DbConnectionPool pool, DbConnection owningConnection, DbConnectionOptions userOptions)
   at Microsoft.Data.ProviderBase.DbConnectionFactory.CreatePooledConnection(DbConnectionPool pool, DbConnection owningObject, DbConnectionOptions options, DbConnectionPoolKey poolKey, DbConnectionOptions userOptions)
   at Microsoft.Data.ProviderBase.DbConnectionPool.CreateObject(DbConnection owningObject, DbConnectionOptions userOptions, DbConnectionInternal oldConnection)
   at Microsoft.Data.ProviderBase.DbConnectionPool.UserCreateRequest(DbConnection owningObject, DbConnectionOptions userOptions, DbConnectionInternal oldConnection)
   at Microsoft.Data.ProviderBase.DbConnectionPool.TryGetConnection(DbConnection owningObject, UInt32 waitForMultipleObjectsTimeout, Boolean allowCreate, Boolean onlyOneCheckConnection, DbConnectionOptions userOptions, DbConnectionInternal& connection)
   at Microsoft.Data.ProviderBase.DbConnectionPool.WaitForPendingOpen()
--- End of stack trace from previous location ---
   at Microsoft.EntityFrameworkCore.Storage.RelationalConnection.OpenInternalAsync(Boolean errorsExpected, CancellationToken cancellationToken)
   at Microsoft.EntityFrameworkCore.Storage.RelationalConnection.OpenInternalAsync(Boolean errorsExpected, CancellationToken cancellationToken)
   at Microsoft.EntityFrameworkCore.Storage.RelationalConnection.OpenAsync(CancellationToken cancellationToken, Boolean errorsExpected)
   at Microsoft.EntityFrameworkCore.Storage.RelationalCommand.ExecuteReaderAsync(RelationalCommandParameterObject parameterObject, CancellationToken cancellationToken)
   at Microsoft.EntityFrameworkCore.Query.Internal.SingleQueryingEnumerable`1.AsyncEnumerator.InitializeReaderAsync(AsyncEnumerator enumerator, CancellationToken cancellationToken)
   at Microsoft.EntityFrameworkCore.SqlServer.Storage.Internal.SqlServerExecutionStrategy.ExecuteAsync[TState,TResult](TState state, Func`4 operation, Func`4 verifySucceeded, CancellationToken cancellationToken)
   at Microsoft.EntityFrameworkCore.Query.Internal.SingleQueryingEnumerable`1.AsyncEnumerator.MoveNextAsync()
   at Microsoft.EntityFrameworkCore.Query.ShapedQueryCompilingExpressionVisitor.SingleOrDefaultAsync[TSource](IAsyncEnumerable`1 asyncEnumerable, CancellationToken cancellationToken)
   at Microsoft.EntityFrameworkCore.Query.ShapedQueryCompilingExpressionVisitor.SingleOrDefaultAsync[TSource](IAsyncEnumerable`1 asyncEnumerable, CancellationToken cancellationToken)
   at Microsoft.AspNetCore.Identity.UserManager`1.FindByNameAsync(String userName)
   at IdentityService.WebAPI.Controllers.Login.LoginController.CreateWorld() in /Users/shiyangyang/Desktop/backend/Noodles.LnEn/IdentityService.WebAPI/Controllers/Login/LoginController.cs:line 29
   at lambda_method7(Closure, Object)
   at Microsoft.AspNetCore.Mvc.Infrastructure.ActionMethodExecutor.TaskOfActionResultExecutor.Execute(ActionContext actionContext, IActionResultTypeMapper mapper, ObjectMethodExecutor executor, Object controller, Object[] arguments)
   at Microsoft.AspNetCore.Mvc.Infrastructure.ControllerActionInvoker.<InvokeActionMethodAsync>g__Awaited|12_0(ControllerActionInvoker invoker, ValueTask`1 actionResultValueTask)
   at Microsoft.AspNetCore.Mvc.Infrastructure.ControllerActionInvoker.<InvokeNextActionFilterAsync>g__Awaited|10_0(ControllerActionInvoker invoker, Task lastTask, State next, Scope scope, Object state, Boolean isCompleted)
   at Microsoft.AspNetCore.Mvc.Infrastructure.ControllerActionInvoker.Rethrow(ActionExecutedContextSealed context)
   at Microsoft.AspNetCore.Mvc.Infrastructure.ControllerActionInvoker.Next(State& next, Scope& scope, Object& state, Boolean& isCompleted)
   at Microsoft.AspNetCore.Mvc.Infrastructure.ControllerActionInvoker.<InvokeInnerFilterAsync>g__Awaited|13_0(ControllerActionInvoker invoker, Task lastTask, State next, Scope scope, Object state, Boolean isCompleted)
   at Microsoft.AspNetCore.Mvc.Infrastructure.ResourceInvoker.<InvokeFilterPipelineAsync>g__Awaited|20_0(ResourceInvoker invoker, Task lastTask, State next, Scope scope, Object state, Boolean isCompleted)
   at Microsoft.AspNetCore.Mvc.Infrastructure.ResourceInvoker.<InvokeAsync>g__Logged|17_1(ResourceInvoker invoker)
   at Microsoft.AspNetCore.Mvc.Infrastructure.ResourceInvoker.<InvokeAsync>g__Logged|17_1(ResourceInvoker invoker)
   at Microsoft.AspNetCore.Routing.EndpointMiddleware.<Invoke>g__AwaitRequestTask|6_0(Endpoint endpoint, Task requestTask, ILogger logger)
   at Microsoft.AspNetCore.Authorization.AuthorizationMiddleware.Invoke(HttpContext context)
   at Microsoft.AspNetCore.Authentication.AuthenticationMiddleware.Invoke(HttpContext context)
   at Swashbuckle.AspNetCore.SwaggerUI.SwaggerUIMiddleware.Invoke(HttpContext httpContext)
   at Swashbuckle.AspNetCore.Swagger.SwaggerMiddleware.Invoke(HttpContext httpContext, ISwaggerProvider swaggerProvider)
   at Microsoft.AspNetCore.Diagnostics.DeveloperExceptionPageMiddlewareImpl.Invoke(HttpContext context)
ClientConnectionId:b8dd0ea5-5e62-4152-81a1-c104844a563c
Error Number:-2146893019,State:0,Class:20
2023-10-01 01:59:43.343 +08:00 [INF] Request finished HTTP/1.1 POST http://localhost:5008/Login/CreateWorld - 0 - 500 - text/plain;+charset=utf-8 1071.1730ms
2023-10-01 11:25:57.726 +08:00 [INF] User profile is available. Using '/Users/shiyangyang/.aspnet/DataProtection-Keys' as key repository; keys will not be encrypted at rest.
2023-10-01 11:25:57.761 +08:00 [INF] Now listening on: http://localhost:5008
2023-10-01 11:25:57.762 +08:00 [INF] Application started. Press Ctrl+C to shut down.
2023-10-01 11:25:57.762 +08:00 [INF] Hosting environment: Development
2023-10-01 11:25:57.762 +08:00 [INF] Content root path: /Users/shiyangyang/Desktop/backend/Noodles.LnEn/IdentityService.WebAPI
2023-10-01 11:25:58.247 +08:00 [INF] Request starting HTTP/1.1 GET http://localhost:5008/swagger/index.html - -
2023-10-01 11:25:58.316 +08:00 [INF] Request finished HTTP/1.1 GET http://localhost:5008/swagger/index.html - - - 200 - text/html;charset=utf-8 69.6519ms
2023-10-01 11:25:58.422 +08:00 [INF] Request starting HTTP/1.1 GET http://localhost:5008/swagger/v1/swagger.json - -
2023-10-01 11:25:58.476 +08:00 [INF] Request finished HTTP/1.1 GET http://localhost:5008/swagger/v1/swagger.json - - - 200 - application/json;charset=utf-8 54.6996ms
2023-10-01 11:26:03.334 +08:00 [INF] Request starting HTTP/1.1 POST http://localhost:5008/Login/CreateWorld - 0
2023-10-01 11:26:03.339 +08:00 [INF] CORS policy execution failed.
2023-10-01 11:26:03.340 +08:00 [INF] Request origin http://localhost:5008 does not have permission to access the resource.
2023-10-01 11:26:03.371 +08:00 [INF] Executing endpoint 'IdentityService.WebAPI.Controllers.Login.LoginController.CreateWorld (IdentityService.WebAPI)'
2023-10-01 11:26:03.383 +08:00 [INF] Route matched with {action = "CreateWorld", controller = "Login"}. Executing controller action with signature System.Threading.Tasks.Task`1[Microsoft.AspNetCore.Mvc.ActionResult] CreateWorld() on controller IdentityService.WebAPI.Controllers.Login.LoginController (IdentityService.WebAPI).
2023-10-01 11:26:04.101 +08:00 [INF] Executed DbCommand (45ms) [Parameters=[@__normalizedUserName_0='?' (Size = 256)], CommandType='"Text"', CommandTimeout='30']
SELECT TOP(1) [t].[Id], [t].[AccessFailedCount], [t].[ConcurrencyStamp], [t].[CreationTime], [t].[DeletionTime], [t].[Email], [t].[EmailConfirmed], [t].[IsDeleted], [t].[LockoutEnabled], [t].[LockoutEnd], [t].[NormalizedEmail], [t].[NormalizedUserName], [t].[PasswordHash], [t].[PhoneNumber], [t].[PhoneNumberConfirmed], [t].[SecurityStamp], [t].[TwoFactorEnabled], [t].[UserName]
FROM [T_Users] AS [t]
WHERE [t].[IsDeleted] = CAST(0 AS bit) AND [t].[NormalizedUserName] = @__normalizedUserName_0
2023-10-01 11:26:04.163 +08:00 [INF] Executed DbCommand (2ms) [Parameters=[@__normalizedUserName_0='?' (Size = 256)], CommandType='"Text"', CommandTimeout='30']
SELECT TOP(1) [t].[Id], [t].[AccessFailedCount], [t].[ConcurrencyStamp], [t].[CreationTime], [t].[DeletionTime], [t].[Email], [t].[EmailConfirmed], [t].[IsDeleted], [t].[LockoutEnabled], [t].[LockoutEnd], [t].[NormalizedEmail], [t].[NormalizedUserName], [t].[PasswordHash], [t].[PhoneNumber], [t].[PhoneNumberConfirmed], [t].[SecurityStamp], [t].[TwoFactorEnabled], [t].[UserName]
FROM [T_Users] AS [t]
WHERE [t].[IsDeleted] = CAST(0 AS bit) AND [t].[NormalizedUserName] = @__normalizedUserName_0
2023-10-01 11:26:04.311 +08:00 [INF] Executed DbCommand (17ms) [Parameters=[@p0='?' (DbType = Guid), @p1='?' (DbType = Int32), @p2='?' (Size = 4000), @p3='?' (DbType = DateTime2), @p4='?' (DbType = DateTime2), @p5='?' (Size = 256), @p6='?' (DbType = Boolean), @p7='?' (DbType = Boolean), @p8='?' (DbType = Boolean), @p9='?' (DbType = DateTimeOffset), @p10='?' (Size = 256), @p11='?' (Size = 256), @p12='?' (Size = 4000), @p13='?' (Size = 4000), @p14='?' (DbType = Boolean), @p15='?' (Size = 4000), @p16='?' (DbType = Boolean), @p17='?' (Size = 256)], CommandType='"Text"', CommandTimeout='30']
SET IMPLICIT_TRANSACTIONS OFF;
SET NOCOUNT ON;
INSERT INTO [T_Users] ([Id], [AccessFailedCount], [ConcurrencyStamp], [CreationTime], [DeletionTime], [Email], [EmailConfirmed], [IsDeleted], [LockoutEnabled], [LockoutEnd], [NormalizedEmail], [NormalizedUserName], [PasswordHash], [PhoneNumber], [PhoneNumberConfirmed], [SecurityStamp], [TwoFactorEnabled], [UserName])
VALUES (@p0, @p1, @p2, @p3, @p4, @p5, @p6, @p7, @p8, @p9, @p10, @p11, @p12, @p13, @p14, @p15, @p16, @p17);
2023-10-01 11:26:04.329 +08:00 [INF] Executed DbCommand (3ms) [Parameters=[@__normalizedUserName_0='?' (Size = 256)], CommandType='"Text"', CommandTimeout='30']
SELECT TOP(1) [t].[Id], [t].[AccessFailedCount], [t].[ConcurrencyStamp], [t].[CreationTime], [t].[DeletionTime], [t].[Email], [t].[EmailConfirmed], [t].[IsDeleted], [t].[LockoutEnabled], [t].[LockoutEnd], [t].[NormalizedEmail], [t].[NormalizedUserName], [t].[PasswordHash], [t].[PhoneNumber], [t].[PhoneNumberConfirmed], [t].[SecurityStamp], [t].[TwoFactorEnabled], [t].[UserName]
FROM [T_Users] AS [t]
WHERE [t].[IsDeleted] = CAST(0 AS bit) AND [t].[NormalizedUserName] = @__normalizedUserName_0
2023-10-01 11:26:04.358 +08:00 [INF] Executed DbCommand (16ms) [Parameters=[@p17='?' (DbType = Guid), @p0='?' (DbType = Int32), @p1='?' (Size = 4000), @p18='?' (Size = 4000), @p2='?' (DbType = DateTime2), @p3='?' (DbType = DateTime2), @p4='?' (Size = 256), @p5='?' (DbType = Boolean), @p6='?' (DbType = Boolean), @p7='?' (DbType = Boolean), @p8='?' (DbType = DateTimeOffset), @p9='?' (Size = 256), @p10='?' (Size = 256), @p11='?' (Size = 4000), @p12='?' (Size = 4000), @p13='?' (DbType = Boolean), @p14='?' (Size = 4000), @p15='?' (DbType = Boolean), @p16='?' (Size = 256)], CommandType='"Text"', CommandTimeout='30']
SET IMPLICIT_TRANSACTIONS OFF;
SET NOCOUNT ON;
UPDATE [T_Users] SET [AccessFailedCount] = @p0, [ConcurrencyStamp] = @p1, [CreationTime] = @p2, [DeletionTime] = @p3, [Email] = @p4, [EmailConfirmed] = @p5, [IsDeleted] = @p6, [LockoutEnabled] = @p7, [LockoutEnd] = @p8, [NormalizedEmail] = @p9, [NormalizedUserName] = @p10, [PasswordHash] = @p11, [PhoneNumber] = @p12, [PhoneNumberConfirmed] = @p13, [SecurityStamp] = @p14, [TwoFactorEnabled] = @p15, [UserName] = @p16
OUTPUT 1
WHERE [Id] = @p17 AND [ConcurrencyStamp] = @p18;
2023-10-01 11:26:04.372 +08:00 [INF] Executed DbCommand (8ms) [Parameters=[@__id_0='?' (DbType = Guid)], CommandType='"Text"', CommandTimeout='30']
SELECT TOP(1) [t].[Id], [t].[AccessFailedCount], [t].[ConcurrencyStamp], [t].[CreationTime], [t].[DeletionTime], [t].[Email], [t].[EmailConfirmed], [t].[IsDeleted], [t].[LockoutEnabled], [t].[LockoutEnd], [t].[NormalizedEmail], [t].[NormalizedUserName], [t].[PasswordHash], [t].[PhoneNumber], [t].[PhoneNumberConfirmed], [t].[SecurityStamp], [t].[TwoFactorEnabled], [t].[UserName]
FROM [T_Users] AS [t]
WHERE [t].[IsDeleted] = CAST(0 AS bit) AND [t].[Id] = @__id_0
2023-10-01 11:26:04.374 +08:00 [INF] Executed DbCommand (2ms) [Parameters=[@__normalizedUserName_0='?' (Size = 256)], CommandType='"Text"', CommandTimeout='30']
SELECT TOP(1) [t].[Id], [t].[AccessFailedCount], [t].[ConcurrencyStamp], [t].[CreationTime], [t].[DeletionTime], [t].[Email], [t].[EmailConfirmed], [t].[IsDeleted], [t].[LockoutEnabled], [t].[LockoutEnd], [t].[NormalizedEmail], [t].[NormalizedUserName], [t].[PasswordHash], [t].[PhoneNumber], [t].[PhoneNumberConfirmed], [t].[SecurityStamp], [t].[TwoFactorEnabled], [t].[UserName]
FROM [T_Users] AS [t]
WHERE [t].[IsDeleted] = CAST(0 AS bit) AND [t].[NormalizedUserName] = @__normalizedUserName_0
2023-10-01 11:26:04.377 +08:00 [INF] Executed DbCommand (2ms) [Parameters=[@p17='?' (DbType = Guid), @p0='?' (DbType = Int32), @p1='?' (Size = 4000), @p18='?' (Size = 4000), @p2='?' (DbType = DateTime2), @p3='?' (DbType = DateTime2), @p4='?' (Size = 256), @p5='?' (DbType = Boolean), @p6='?' (DbType = Boolean), @p7='?' (DbType = Boolean), @p8='?' (DbType = DateTimeOffset), @p9='?' (Size = 256), @p10='?' (Size = 256), @p11='?' (Size = 4000), @p12='?' (Size = 4000), @p13='?' (DbType = Boolean), @p14='?' (Size = 4000), @p15='?' (DbType = Boolean), @p16='?' (Size = 256)], CommandType='"Text"', CommandTimeout='30']
SET IMPLICIT_TRANSACTIONS OFF;
SET NOCOUNT ON;
UPDATE [T_Users] SET [AccessFailedCount] = @p0, [ConcurrencyStamp] = @p1, [CreationTime] = @p2, [DeletionTime] = @p3, [Email] = @p4, [EmailConfirmed] = @p5, [IsDeleted] = @p6, [LockoutEnabled] = @p7, [LockoutEnd] = @p8, [NormalizedEmail] = @p9, [NormalizedUserName] = @p10, [PasswordHash] = @p11, [PhoneNumber] = @p12, [PhoneNumberConfirmed] = @p13, [SecurityStamp] = @p14, [TwoFactorEnabled] = @p15, [UserName] = @p16
OUTPUT 1
WHERE [Id] = @p17 AND [ConcurrencyStamp] = @p18;
2023-10-01 11:26:04.386 +08:00 [INF] Executed DbCommand (5ms) [Parameters=[@__normalizedName_0='?' (Size = 256)], CommandType='"Text"', CommandTimeout='30']
SELECT TOP(1) [t].[Id], [t].[ConcurrencyStamp], [t].[Name], [t].[NormalizedName]
FROM [T_Roles] AS [t]
WHERE [t].[NormalizedName] = @__normalizedName_0
2023-10-01 11:26:04.406 +08:00 [INF] Executed DbCommand (7ms) [Parameters=[@p0='?' (DbType = Guid), @p1='?' (Size = 4000), @p2='?' (Size = 256), @p3='?' (Size = 256)], CommandType='"Text"', CommandTimeout='30']
SET IMPLICIT_TRANSACTIONS OFF;
SET NOCOUNT ON;
INSERT INTO [T_Roles] ([Id], [ConcurrencyStamp], [Name], [NormalizedName])
VALUES (@p0, @p1, @p2, @p3);
2023-10-01 11:26:04.428 +08:00 [INF] Executed DbCommand (16ms) [Parameters=[@__normalizedRoleName_0='?' (Size = 256)], CommandType='"Text"', CommandTimeout='30']
SELECT TOP(2) [t].[Id], [t].[ConcurrencyStamp], [t].[Name], [t].[NormalizedName]
FROM [T_Roles] AS [t]
WHERE [t].[NormalizedName] = @__normalizedRoleName_0
2023-10-01 11:26:04.449 +08:00 [INF] Executed DbCommand (3ms) [Parameters=[@__get_Item_0='?' (DbType = Guid), @__get_Item_1='?' (DbType = Guid)], CommandType='"Text"', CommandTimeout='30']
SELECT TOP(1) [a].[UserId], [a].[RoleId]
FROM [AspNetUserRoles] AS [a]
WHERE [a].[UserId] = @__get_Item_0 AND [a].[RoleId] = @__get_Item_1
2023-10-01 11:26:04.453 +08:00 [INF] Executed DbCommand (2ms) [Parameters=[@__normalizedRoleName_0='?' (Size = 256)], CommandType='"Text"', CommandTimeout='30']
SELECT TOP(2) [t].[Id], [t].[ConcurrencyStamp], [t].[Name], [t].[NormalizedName]
FROM [T_Roles] AS [t]
WHERE [t].[NormalizedName] = @__normalizedRoleName_0
2023-10-01 11:26:04.463 +08:00 [INF] Executed DbCommand (2ms) [Parameters=[@__normalizedUserName_0='?' (Size = 256)], CommandType='"Text"', CommandTimeout='30']
SELECT TOP(1) [t].[Id], [t].[AccessFailedCount], [t].[ConcurrencyStamp], [t].[CreationTime], [t].[DeletionTime], [t].[Email], [t].[EmailConfirmed], [t].[IsDeleted], [t].[LockoutEnabled], [t].[LockoutEnd], [t].[NormalizedEmail], [t].[NormalizedUserName], [t].[PasswordHash], [t].[PhoneNumber], [t].[PhoneNumberConfirmed], [t].[SecurityStamp], [t].[TwoFactorEnabled], [t].[UserName]
FROM [T_Users] AS [t]
WHERE [t].[IsDeleted] = CAST(0 AS bit) AND [t].[NormalizedUserName] = @__normalizedUserName_0
2023-10-01 11:26:04.491 +08:00 [INF] Executed DbCommand (11ms) [Parameters=[@p0='?' (DbType = Guid), @p1='?' (DbType = Guid), @p19='?' (DbType = Guid), @p2='?' (DbType = Int32), @p3='?' (Size = 4000), @p20='?' (Size = 4000), @p4='?' (DbType = DateTime2), @p5='?' (DbType = DateTime2), @p6='?' (Size = 256), @p7='?' (DbType = Boolean), @p8='?' (DbType = Boolean), @p9='?' (DbType = Boolean), @p10='?' (DbType = DateTimeOffset), @p11='?' (Size = 256), @p12='?' (Size = 256), @p13='?' (Size = 4000), @p14='?' (Size = 4000), @p15='?' (DbType = Boolean), @p16='?' (Size = 4000), @p17='?' (DbType = Boolean), @p18='?' (Size = 256)], CommandType='"Text"', CommandTimeout='30']
SET NOCOUNT ON;
INSERT INTO [AspNetUserRoles] ([RoleId], [UserId])
VALUES (@p0, @p1);
UPDATE [T_Users] SET [AccessFailedCount] = @p2, [ConcurrencyStamp] = @p3, [CreationTime] = @p4, [DeletionTime] = @p5, [Email] = @p6, [EmailConfirmed] = @p7, [IsDeleted] = @p8, [LockoutEnabled] = @p9, [LockoutEnd] = @p10, [NormalizedEmail] = @p11, [NormalizedUserName] = @p12, [PasswordHash] = @p13, [PhoneNumber] = @p14, [PhoneNumberConfirmed] = @p15, [SecurityStamp] = @p16, [TwoFactorEnabled] = @p17, [UserName] = @p18
OUTPUT 1
WHERE [Id] = @p19 AND [ConcurrencyStamp] = @p20;
2023-10-01 11:26:04.502 +08:00 [INF] Executed DbCommand (2ms) [Parameters=[@__normalizedName_0='?' (Size = 256)], CommandType='"Text"', CommandTimeout='30']
SELECT TOP(1) [t].[Id], [t].[ConcurrencyStamp], [t].[Name], [t].[NormalizedName]
FROM [T_Roles] AS [t]
WHERE [t].[NormalizedName] = @__normalizedName_0
2023-10-01 11:26:04.506 +08:00 [INF] Executed DbCommand (2ms) [Parameters=[@p0='?' (DbType = Guid), @p1='?' (Size = 4000), @p2='?' (Size = 256), @p3='?' (Size = 256)], CommandType='"Text"', CommandTimeout='30']
SET IMPLICIT_TRANSACTIONS OFF;
SET NOCOUNT ON;
INSERT INTO [T_Roles] ([Id], [ConcurrencyStamp], [Name], [NormalizedName])
VALUES (@p0, @p1, @p2, @p3);
2023-10-01 11:26:04.508 +08:00 [INF] Executed DbCommand (1ms) [Parameters=[@__normalizedRoleName_0='?' (Size = 256)], CommandType='"Text"', CommandTimeout='30']
SELECT TOP(2) [t].[Id], [t].[ConcurrencyStamp], [t].[Name], [t].[NormalizedName]
FROM [T_Roles] AS [t]
WHERE [t].[NormalizedName] = @__normalizedRoleName_0
2023-10-01 11:26:04.511 +08:00 [INF] Executed DbCommand (1ms) [Parameters=[@__get_Item_0='?' (DbType = Guid), @__get_Item_1='?' (DbType = Guid)], CommandType='"Text"', CommandTimeout='30']
SELECT TOP(1) [a].[UserId], [a].[RoleId]
FROM [AspNetUserRoles] AS [a]
WHERE [a].[UserId] = @__get_Item_0 AND [a].[RoleId] = @__get_Item_1
2023-10-01 11:26:04.512 +08:00 [INF] Executed DbCommand (1ms) [Parameters=[@__normalizedRoleName_0='?' (Size = 256)], CommandType='"Text"', CommandTimeout='30']
SELECT TOP(2) [t].[Id], [t].[ConcurrencyStamp], [t].[Name], [t].[NormalizedName]
FROM [T_Roles] AS [t]
WHERE [t].[NormalizedName] = @__normalizedRoleName_0
2023-10-01 11:26:04.514 +08:00 [INF] Executed DbCommand (1ms) [Parameters=[@__normalizedUserName_0='?' (Size = 256)], CommandType='"Text"', CommandTimeout='30']
SELECT TOP(1) [t].[Id], [t].[AccessFailedCount], [t].[ConcurrencyStamp], [t].[CreationTime], [t].[DeletionTime], [t].[Email], [t].[EmailConfirmed], [t].[IsDeleted], [t].[LockoutEnabled], [t].[LockoutEnd], [t].[NormalizedEmail], [t].[NormalizedUserName], [t].[PasswordHash], [t].[PhoneNumber], [t].[PhoneNumberConfirmed], [t].[SecurityStamp], [t].[TwoFactorEnabled], [t].[UserName]
FROM [T_Users] AS [t]
WHERE [t].[IsDeleted] = CAST(0 AS bit) AND [t].[NormalizedUserName] = @__normalizedUserName_0
2023-10-01 11:26:04.517 +08:00 [INF] Executed DbCommand (1ms) [Parameters=[@p0='?' (DbType = Guid), @p1='?' (DbType = Guid), @p19='?' (DbType = Guid), @p2='?' (DbType = Int32), @p3='?' (Size = 4000), @p20='?' (Size = 4000), @p4='?' (DbType = DateTime2), @p5='?' (DbType = DateTime2), @p6='?' (Size = 256), @p7='?' (DbType = Boolean), @p8='?' (DbType = Boolean), @p9='?' (DbType = Boolean), @p10='?' (DbType = DateTimeOffset), @p11='?' (Size = 256), @p12='?' (Size = 256), @p13='?' (Size = 4000), @p14='?' (Size = 4000), @p15='?' (DbType = Boolean), @p16='?' (Size = 4000), @p17='?' (DbType = Boolean), @p18='?' (Size = 256)], CommandType='"Text"', CommandTimeout='30']
SET NOCOUNT ON;
INSERT INTO [AspNetUserRoles] ([RoleId], [UserId])
VALUES (@p0, @p1);
UPDATE [T_Users] SET [AccessFailedCount] = @p2, [ConcurrencyStamp] = @p3, [CreationTime] = @p4, [DeletionTime] = @p5, [Email] = @p6, [EmailConfirmed] = @p7, [IsDeleted] = @p8, [LockoutEnabled] = @p9, [LockoutEnd] = @p10, [NormalizedEmail] = @p11, [NormalizedUserName] = @p12, [PasswordHash] = @p13, [PhoneNumber] = @p14, [PhoneNumberConfirmed] = @p15, [SecurityStamp] = @p16, [TwoFactorEnabled] = @p17, [UserName] = @p18
OUTPUT 1
WHERE [Id] = @p19 AND [ConcurrencyStamp] = @p20;
2023-10-01 11:26:04.526 +08:00 [INF] Executing StatusCodeResult, setting HTTP status code 200
2023-10-01 11:26:04.530 +08:00 [INF] Executed action IdentityService.WebAPI.Controllers.Login.LoginController.CreateWorld (IdentityService.WebAPI) in 1143.5649ms
2023-10-01 11:26:04.531 +08:00 [INF] Executed endpoint 'IdentityService.WebAPI.Controllers.Login.LoginController.CreateWorld (IdentityService.WebAPI)'
2023-10-01 11:26:04.546 +08:00 [INF] Request finished HTTP/1.1 POST http://localhost:5008/Login/CreateWorld - 0 - 200 0 - 1211.1245ms
2023-10-01 11:26:11.784 +08:00 [INF] Request starting HTTP/1.1 POST http://localhost:5008/Login/CreateWorld - 0
2023-10-01 11:26:11.787 +08:00 [INF] CORS policy execution failed.
2023-10-01 11:26:11.787 +08:00 [INF] Request origin http://localhost:5008 does not have permission to access the resource.
2023-10-01 11:26:11.789 +08:00 [INF] Executing endpoint 'IdentityService.WebAPI.Controllers.Login.LoginController.CreateWorld (IdentityService.WebAPI)'
2023-10-01 11:26:11.790 +08:00 [INF] Route matched with {action = "CreateWorld", controller = "Login"}. Executing controller action with signature System.Threading.Tasks.Task`1[Microsoft.AspNetCore.Mvc.ActionResult] CreateWorld() on controller IdentityService.WebAPI.Controllers.Login.LoginController (IdentityService.WebAPI).
2023-10-01 11:26:11.841 +08:00 [INF] Executed DbCommand (4ms) [Parameters=[@__normalizedUserName_0='?' (Size = 256)], CommandType='"Text"', CommandTimeout='30']
SELECT TOP(1) [t].[Id], [t].[AccessFailedCount], [t].[ConcurrencyStamp], [t].[CreationTime], [t].[DeletionTime], [t].[Email], [t].[EmailConfirmed], [t].[IsDeleted], [t].[LockoutEnabled], [t].[LockoutEnd], [t].[NormalizedEmail], [t].[NormalizedUserName], [t].[PasswordHash], [t].[PhoneNumber], [t].[PhoneNumberConfirmed], [t].[SecurityStamp], [t].[TwoFactorEnabled], [t].[UserName]
FROM [T_Users] AS [t]
WHERE [t].[IsDeleted] = CAST(0 AS bit) AND [t].[NormalizedUserName] = @__normalizedUserName_0
2023-10-01 11:26:11.849 +08:00 [INF] Executing ObjectResult, writing value of type 'System.String'.
2023-10-01 11:26:11.849 +08:00 [INF] Executed action IdentityService.WebAPI.Controllers.Login.LoginController.CreateWorld (IdentityService.WebAPI) in 59.0075ms
2023-10-01 11:26:11.849 +08:00 [INF] Executed endpoint 'IdentityService.WebAPI.Controllers.Login.LoginController.CreateWorld (IdentityService.WebAPI)'
2023-10-01 11:26:11.850 +08:00 [INF] Request finished HTTP/1.1 POST http://localhost:5008/Login/CreateWorld - 0 - 409 - text/plain;+charset=utf-8 65.8509ms
2023-10-01 11:27:49.542 +08:00 [INF] Application is shutting down...
